<?xml version="1.0"?>
<testsuite name="Chrome 67.0.3396 (Windows 10.0.0)" package="" timestamp="2018-06-30T05:18:00" id="0" hostname="LAPTOP-3E8FCD24" tests="31" errors="0" failures="0" time="0.413">
  <properties>
    <property name="browser.fullName" value="Mozilla/5.0 (Windows NT 10.0; WOW64) AppleWebKit/537.36 (KHTML, like Gecko) Chrome/67.0.3396.79 Safari/537.36"/>
  </properties>
  <testcase name="Center.vue 测试个人中心" time="0.035" classname="Chrome_67_0_3396_(Windows_10_0_0).Center.vue"/>
  <testcase name="Head.vue " time="0.01" classname="Chrome_67_0_3396_(Windows_10_0_0).Head.vue"/>
  <testcase name="Home 测试主页" time="0.002" classname="Chrome_67_0_3396_(Windows_10_0_0).Home"/>
  <testcase name="Login.vue 触发登录事件1" time="0.018" classname="Chrome_67_0_3396_(Windows_10_0_0).Login.vue"/>
  <testcase name="Login.vue 触发登录事件2" time="0.004" classname="Chrome_67_0_3396_(Windows_10_0_0).Login.vue"/>
  <testcase name="Login.vue 触发登录事件3" time="0.015" classname="Chrome_67_0_3396_(Windows_10_0_0).Login.vue"/>
  <testcase name="Login.vue 触发登录事件4" time="0.013" classname="Chrome_67_0_3396_(Windows_10_0_0).Login.vue"/>
  <testcase name="Login.vue 触发登录事件5" time="0.007" classname="Chrome_67_0_3396_(Windows_10_0_0).Login.vue"/>
  <testcase name="Login.vue 触发登录事件6" time="0.009" classname="Chrome_67_0_3396_(Windows_10_0_0).Login.vue"/>
  <testcase name="Login.vue 触发登录事件7" time="0.005" classname="Chrome_67_0_3396_(Windows_10_0_0).Login.vue"/>
  <testcase name="Login.vue 触发登录事件8" time="0.035" classname="Chrome_67_0_3396_(Windows_10_0_0).Login.vue"/>
  <testcase name="Login.vue 触发登录事件9" time="0.026" classname="Chrome_67_0_3396_(Windows_10_0_0).Login.vue"/>
  <testcase name="Login.vue 触发登录事件10" time="0.007" classname="Chrome_67_0_3396_(Windows_10_0_0).Login.vue"/>
  <testcase name="ProjectDetailWithMocks 单个项目详情页面测试" time="0" classname="Chrome_67_0_3396_(Windows_10_0_0).ProjectDetailWithMocks"/>
  <testcase name="ProjectsWithMocks 测试项目列表页面" time="0.003" classname="Chrome_67_0_3396_(Windows_10_0_0).ProjectsWithMocks"/>
  <testcase name="Register.vue 触发注册事件1" time="0.012" classname="Chrome_67_0_3396_(Windows_10_0_0).Register.vue"/>
  <testcase name="Register.vue 触发注册事件2" time="0.013" classname="Chrome_67_0_3396_(Windows_10_0_0).Register.vue"/>
  <testcase name="Register.vue 触发注册事件3" time="0.006" classname="Chrome_67_0_3396_(Windows_10_0_0).Register.vue"/>
  <testcase name="Register.vue 触发注册事件4" time="0.021" classname="Chrome_67_0_3396_(Windows_10_0_0).Register.vue"/>
  <testcase name="Register.vue 触发注册事件5" time="0.011" classname="Chrome_67_0_3396_(Windows_10_0_0).Register.vue"/>
  <testcase name="Register.vue 触发注册事件6" time="0.021" classname="Chrome_67_0_3396_(Windows_10_0_0).Register.vue"/>
  <testcase name="Register.vue 触发注册事件7" time="0.016" classname="Chrome_67_0_3396_(Windows_10_0_0).Register.vue"/>
  <testcase name="Register.vue 触发注册事件8" time="0.012" classname="Chrome_67_0_3396_(Windows_10_0_0).Register.vue"/>
  <testcase name="Register.vue 触发注册事件9" time="0.012" classname="Chrome_67_0_3396_(Windows_10_0_0).Register.vue"/>
  <testcase name="Register.vue 触发注册事件10" time="0.009" classname="Chrome_67_0_3396_(Windows_10_0_0).Register.vue"/>
  <testcase name="Register.vue 触发注册事件11" time="0.006" classname="Chrome_67_0_3396_(Windows_10_0_0).Register.vue"/>
  <testcase name="Register.vue 触发注册事件12" time="0.019" classname="Chrome_67_0_3396_(Windows_10_0_0).Register.vue"/>
  <testcase name="Register.vue 触发注册事件13" time="0.019" classname="Chrome_67_0_3396_(Windows_10_0_0).Register.vue"/>
  <testcase name="Register.vue 触发注册事件14" time="0.031" classname="Chrome_67_0_3396_(Windows_10_0_0).Register.vue"/>
  <testcase name="Register.vue 触发注册事件15" time="0.014" classname="Chrome_67_0_3396_(Windows_10_0_0).Register.vue"/>
  <testcase name="WorkersMock 测试用户详情页面" time="0.002" classname="Chrome_67_0_3396_(Windows_10_0_0).WorkersMock"/>
  <system-out>
    <![CDATA[Chrome 67.0.3396 (Windows 10.0.0) ERROR: '[Vue warn]: Error in created hook: "TypeError: Cannot read property 'push' of undefined"

(found in <Root>)'
,Chrome 67.0.3396 (Windows 10.0.0) ERROR: TypeError{}
,Chrome 67.0.3396 (Windows 10.0.0) ERROR: '[Vue warn]: Failed to mount component: template or render function not defined.

(found in <Root>)'
,Chrome 67.0.3396 (Windows 10.0.0) INFO: 'Download the Vue Devtools extension for a better development experience:
https://github.com/vuejs/vue-devtools'
,Chrome 67.0.3396 (Windows 10.0.0) ERROR: '[Vue warn]: Error in created hook: "TypeError: Cannot read property 'state' of undefined"

(found in <Root>)'
,Chrome 67.0.3396 (Windows 10.0.0) ERROR: TypeError{}
,Chrome 67.0.3396 (Windows 10.0.0) ERROR: '[Vue warn]: Error in render: "TypeError: Cannot read property 'state' of undefined"

found in

---> <HeadBarLight> at src\components\head\HeadBarLight.vue
       <Root>'
,Chrome 67.0.3396 (Windows 10.0.0) ERROR: TypeError{}
,Chrome 67.0.3396 (Windows 10.0.0) ERROR: '[Vue warn]: Unknown custom element: <el-breadcrumb> - did you register the component correctly? For recursive components, make sure to provide the "name" option.

(found in <Root>)'
,Chrome 67.0.3396 (Windows 10.0.0) ERROR: '[Vue warn]: Unknown custom element: <el-breadcrumb-item> - did you register the component correctly? For recursive components, make sure to provide the "name" option.

(found in <Root>)'
,Chrome 67.0.3396 (Windows 10.0.0) ERROR: '[Vue warn]: Unknown custom element: <el-breadcrumb-item> - did you register the component correctly? For recursive components, make sure to provide the "name" option.

(found in <Root>)'
,Chrome 67.0.3396 (Windows 10.0.0) ERROR: '[Vue warn]: Unknown custom element: <el-menu> - did you register the component correctly? For recursive components, make sure to provide the "name" option.

(found in <Root>)'
,Chrome 67.0.3396 (Windows 10.0.0) ERROR: '[Vue warn]: Unknown custom element: <el-menu-item-group> - did you register the component correctly? For recursive components, make sure to provide the "name" option.

(found in <Root>)'
,Chrome 67.0.3396 (Windows 10.0.0) ERROR: '[Vue warn]: Unknown custom element: <el-menu-item> - did you register the component correctly? For recursive components, make sure to provide the "name" option.

(found in <Root>)'
,Chrome 67.0.3396 (Windows 10.0.0) ERROR: '[Vue warn]: Unknown custom element: <el-menu-item-group> - did you register the component correctly? For recursive components, make sure to provide the "name" option.

(found in <Root>)'
,Chrome 67.0.3396 (Windows 10.0.0) ERROR: '[Vue warn]: Unknown custom element: <el-menu-item> - did you register the component correctly? For recursive components, make sure to provide the "name" option.

(found in <Root>)'
,Chrome 67.0.3396 (Windows 10.0.0) ERROR: '[Vue warn]: Unknown custom element: <el-menu-item> - did you register the component correctly? For recursive components, make sure to provide the "name" option.

(found in <Root>)'
,Chrome 67.0.3396 (Windows 10.0.0) ERROR: '[Vue warn]: Unknown custom element: <el-menu-item> - did you register the component correctly? For recursive components, make sure to provide the "name" option.

(found in <Root>)'
,Chrome 67.0.3396 (Windows 10.0.0) ERROR: '[Vue warn]: Error in created hook: "TypeError: Cannot read property 'state' of undefined"

found in

---> <Account> at src\components\personalcenter\MyAccount.vue
       <Root>'
,Chrome 67.0.3396 (Windows 10.0.0) ERROR: TypeError{}
,Chrome 67.0.3396 (Windows 10.0.0) ERROR: '[Vue warn]: Property or method "$store" is not defined on the instance but referenced during render. Make sure that this property is reactive, either in the data option, or for class-based components, by initializing the property. See: https://vuejs.org/v2/guide/reactivity.html#Declaring-Reactive-Properties.

found in

---> <Account> at src\components\personalcenter\MyAccount.vue
       <Root>'
,Chrome 67.0.3396 (Windows 10.0.0) ERROR: '[Vue warn]: Error in render: "TypeError: Cannot read property 'state' of undefined"

found in

---> <Account> at src\components\personalcenter\MyAccount.vue
       <Root>'
,Chrome 67.0.3396 (Windows 10.0.0) ERROR: TypeError{}
,Chrome 67.0.3396 (Windows 10.0.0) ERROR: '[Vue warn]: Unknown custom element: <el-row> - did you register the component correctly? For recursive components, make sure to provide the "name" option.

found in

---> <MyNeeds> at src\components\personalcenter\MyNeeds.vue
       <Root>'
,Chrome 67.0.3396 (Windows 10.0.0) ERROR: '[Vue warn]: Unknown custom element: <el-row> - did you register the component correctly? For recursive components, make sure to provide the "name" option.

found in

---> <MyNeeds> at src\components\personalcenter\MyNeeds.vue
       <Root>'
,Chrome 67.0.3396 (Windows 10.0.0) ERROR: '[Vue warn]: Unknown custom element: <el-button> - did you register the component correctly? For recursive components, make sure to provide the "name" option.

found in

---> <MyNeeds> at src\components\personalcenter\MyNeeds.vue
       <Root>'
,Chrome 67.0.3396 (Windows 10.0.0) ERROR: '[Vue warn]: Unknown custom element: <el-dialog> - did you register the component correctly? For recursive components, make sure to provide the "name" option.

found in

---> <MyNeeds> at src\components\personalcenter\MyNeeds.vue
       <Root>'
,Chrome 67.0.3396 (Windows 10.0.0) ERROR: '[Vue warn]: Unknown custom element: <el-form> - did you register the component correctly? For recursive components, make sure to provide the "name" option.

found in

---> <MyNeeds> at src\components\personalcenter\MyNeeds.vue
       <Root>'
,Chrome 67.0.3396 (Windows 10.0.0) ERROR: '[Vue warn]: Unknown custom element: <el-form-item> - did you register the component correctly? For recursive components, make sure to provide the "name" option.

found in

---> <MyNeeds> at src\components\personalcenter\MyNeeds.vue
       <Root>'
,Chrome 67.0.3396 (Windows 10.0.0) ERROR: '[Vue warn]: Unknown custom element: <el-input> - did you register the component correctly? For recursive components, make sure to provide the "name" option.

found in

---> <MyNeeds> at src\components\personalcenter\MyNeeds.vue
       <Root>'
,Chrome 67.0.3396 (Windows 10.0.0) ERROR: '[Vue warn]: Unknown custom element: <el-form-item> - did you register the component correctly? For recursive components, make sure to provide the "name" option.

found in

---> <MyNeeds> at src\components\personalcenter\MyNeeds.vue
       <Root>'
,Chrome 67.0.3396 (Windows 10.0.0) ERROR: '[Vue warn]: Unknown custom element: <el-select> - did you register the component correctly? For recursive components, make sure to provide the "name" option.

found in

---> <MyNeeds> at src\components\personalcenter\MyNeeds.vue
       <Root>'
,Chrome 67.0.3396 (Windows 10.0.0) ERROR: '[Vue warn]: Unknown custom element: <el-option> - did you register the component correctly? For recursive components, make sure to provide the "name" option.

found in

---> <MyNeeds> at src\components\personalcenter\MyNeeds.vue
       <Root>'
,Chrome 67.0.3396 (Windows 10.0.0) ERROR: '[Vue warn]: Unknown custom element: <el-option> - did you register the component correctly? For recursive components, make sure to provide the "name" option.

found in

---> <MyNeeds> at src\components\personalcenter\MyNeeds.vue
       <Root>'
,Chrome 67.0.3396 (Windows 10.0.0) ERROR: '[Vue warn]: Unknown custom element: <el-option> - did you register the component correctly? For recursive components, make sure to provide the "name" option.

found in

---> <MyNeeds> at src\components\personalcenter\MyNeeds.vue
       <Root>'
,Chrome 67.0.3396 (Windows 10.0.0) ERROR: '[Vue warn]: Unknown custom element: <el-form-item> - did you register the component correctly? For recursive components, make sure to provide the "name" option.

found in

---> <MyNeeds> at src\components\personalcenter\MyNeeds.vue
       <Root>'
,Chrome 67.0.3396 (Windows 10.0.0) ERROR: '[Vue warn]: Unknown custom element: <el-col> - did you register the component correctly? For recursive components, make sure to provide the "name" option.

found in

---> <MyNeeds> at src\components\personalcenter\MyNeeds.vue
       <Root>'
,Chrome 67.0.3396 (Windows 10.0.0) ERROR: '[Vue warn]: Unknown custom element: <el-form-item> - did you register the component correctly? For recursive components, make sure to provide the "name" option.

found in

---> <MyNeeds> at src\components\personalcenter\MyNeeds.vue
       <Root>'
,Chrome 67.0.3396 (Windows 10.0.0) ERROR: '[Vue warn]: Unknown custom element: <el-date-picker> - did you register the component correctly? For recursive components, make sure to provide the "name" option.

found in

---> <MyNeeds> at src\components\personalcenter\MyNeeds.vue
       <Root>'
,Chrome 67.0.3396 (Windows 10.0.0) ERROR: '[Vue warn]: Unknown custom element: <el-col> - did you register the component correctly? For recursive components, make sure to provide the "name" option.

found in

---> <MyNeeds> at src\components\personalcenter\MyNeeds.vue
       <Root>'
,Chrome 67.0.3396 (Windows 10.0.0) ERROR: '[Vue warn]: Unknown custom element: <el-col> - did you register the component correctly? For recursive components, make sure to provide the "name" option.

found in

---> <MyNeeds> at src\components\personalcenter\MyNeeds.vue
       <Root>'
,Chrome 67.0.3396 (Windows 10.0.0) ERROR: '[Vue warn]: Unknown custom element: <el-form-item> - did you register the component correctly? For recursive components, make sure to provide the "name" option.

found in

---> <MyNeeds> at src\components\personalcenter\MyNeeds.vue
       <Root>'
,Chrome 67.0.3396 (Windows 10.0.0) ERROR: '[Vue warn]: Unknown custom element: <el-date-picker> - did you register the component correctly? For recursive components, make sure to provide the "name" option.

found in

---> <MyNeeds> at src\components\personalcenter\MyNeeds.vue
       <Root>'
,Chrome 67.0.3396 (Windows 10.0.0) ERROR: '[Vue warn]: Unknown custom element: <el-form-item> - did you register the component correctly? For recursive components, make sure to provide the "name" option.

found in

---> <MyNeeds> at src\components\personalcenter\MyNeeds.vue
       <Root>'
,Chrome 67.0.3396 (Windows 10.0.0) ERROR: '[Vue warn]: Unknown custom element: <el-switch> - did you register the component correctly? For recursive components, make sure to provide the "name" option.

found in

---> <MyNeeds> at src\components\personalcenter\MyNeeds.vue
       <Root>'
,Chrome 67.0.3396 (Windows 10.0.0) ERROR: '[Vue warn]: Unknown custom element: <el-form-item> - did you register the component correctly? For recursive components, make sure to provide the "name" option.

found in

---> <MyNeeds> at src\components\personalcenter\MyNeeds.vue
       <Root>'
,Chrome 67.0.3396 (Windows 10.0.0) ERROR: '[Vue warn]: Unknown custom element: <el-input> - did you register the component correctly? For recursive components, make sure to provide the "name" option.

found in

---> <MyNeeds> at src\components\personalcenter\MyNeeds.vue
       <Root>'
,Chrome 67.0.3396 (Windows 10.0.0) ERROR: '[Vue warn]: Unknown custom element: <el-form-item> - did you register the component correctly? For recursive components, make sure to provide the "name" option.

found in

---> <MyNeeds> at src\components\personalcenter\MyNeeds.vue
       <Root>'
,Chrome 67.0.3396 (Windows 10.0.0) ERROR: '[Vue warn]: Unknown custom element: <el-select> - did you register the component correctly? For recursive components, make sure to provide the "name" option.

found in

---> <MyNeeds> at src\components\personalcenter\MyNeeds.vue
       <Root>'
,Chrome 67.0.3396 (Windows 10.0.0) ERROR: '[Vue warn]: Unknown custom element: <el-option> - did you register the component correctly? For recursive components, make sure to provide the "name" option.

found in

---> <MyNeeds> at src\components\personalcenter\MyNeeds.vue
       <Root>'
,Chrome 67.0.3396 (Windows 10.0.0) ERROR: '[Vue warn]: Unknown custom element: <el-option> - did you register the component correctly? For recursive components, make sure to provide the "name" option.

found in

---> <MyNeeds> at src\components\personalcenter\MyNeeds.vue
       <Root>'
,Chrome 67.0.3396 (Windows 10.0.0) ERROR: '[Vue warn]: Unknown custom element: <el-option> - did you register the component correctly? For recursive components, make sure to provide the "name" option.

found in

---> <MyNeeds> at src\components\personalcenter\MyNeeds.vue
       <Root>'
,Chrome 67.0.3396 (Windows 10.0.0) ERROR: '[Vue warn]: Unknown custom element: <el-form-item> - did you register the component correctly? For recursive components, make sure to provide the "name" option.

found in

---> <MyNeeds> at src\components\personalcenter\MyNeeds.vue
       <Root>'
,Chrome 67.0.3396 (Windows 10.0.0) ERROR: '[Vue warn]: Unknown custom element: <el-button> - did you register the component correctly? For recursive components, make sure to provide the "name" option.

found in

---> <MyNeeds> at src\components\personalcenter\MyNeeds.vue
       <Root>'
,Chrome 67.0.3396 (Windows 10.0.0) ERROR: '[Vue warn]: Unknown custom element: <el-button> - did you register the component correctly? For recursive components, make sure to provide the "name" option.

found in

---> <MyNeeds> at src\components\personalcenter\MyNeeds.vue
       <Root>'
,Chrome 67.0.3396 (Windows 10.0.0) ERROR: '[Vue warn]: Unknown custom element: <el-table> - did you register the component correctly? For recursive components, make sure to provide the "name" option.

found in

---> <MyNeeds> at src\components\personalcenter\MyNeeds.vue
       <Root>'
,Chrome 67.0.3396 (Windows 10.0.0) ERROR: '[Vue warn]: Unknown custom element: <el-table-column> - did you register the component correctly? For recursive components, make sure to provide the "name" option.

found in

---> <MyNeeds> at src\components\personalcenter\MyNeeds.vue
       <Root>'
,Chrome 67.0.3396 (Windows 10.0.0) ERROR: '[Vue warn]: Unknown custom element: <el-table-column> - did you register the component correctly? For recursive components, make sure to provide the "name" option.

found in

---> <MyNeeds> at src\components\personalcenter\MyNeeds.vue
       <Root>'
,Chrome 67.0.3396 (Windows 10.0.0) ERROR: '[Vue warn]: Unknown custom element: <el-table-column> - did you register the component correctly? For recursive components, make sure to provide the "name" option.

found in

---> <MyNeeds> at src\components\personalcenter\MyNeeds.vue
       <Root>'
,Chrome 67.0.3396 (Windows 10.0.0) ERROR: '[Vue warn]: Unknown custom element: <el-table-column> - did you register the component correctly? For recursive components, make sure to provide the "name" option.

found in

---> <MyNeeds> at src\components\personalcenter\MyNeeds.vue
       <Root>'
,Chrome 67.0.3396 (Windows 10.0.0) ERROR: '[Vue warn]: Unknown custom element: <el-table-column> - did you register the component correctly? For recursive components, make sure to provide the "name" option.

found in

---> <MyNeeds> at src\components\personalcenter\MyNeeds.vue
       <Root>'
,Chrome 67.0.3396 (Windows 10.0.0) ERROR: '[Vue warn]: Unknown custom element: <el-pagination> - did you register the component correctly? For recursive components, make sure to provide the "name" option.

found in

---> <MyNeeds> at src\components\personalcenter\MyNeeds.vue
       <Root>'
,Chrome 67.0.3396 (Windows 10.0.0) ERROR: '[Vue warn]: Error in render: "TypeError: Cannot read property 'resolve' of undefined"

found in

---> <RouterLink>
       <Root>'
,Chrome 67.0.3396 (Windows 10.0.0) ERROR: TypeError{}
,Chrome 67.0.3396 (Windows 10.0.0) ERROR: '[Vue warn]: Error in render: "TypeError: Cannot read property 'resolve' of undefined"

found in

---> <RouterLink>
       <Root>'
,Chrome 67.0.3396 (Windows 10.0.0) ERROR: TypeError{}
,Chrome 67.0.3396 (Windows 10.0.0) ERROR: '[Vue warn]: Error in render: "TypeError: Cannot read property 'resolve' of undefined"

found in

---> <RouterLink>
       <Root>'
,Chrome 67.0.3396 (Windows 10.0.0) ERROR: TypeError{}
,Chrome 67.0.3396 (Windows 10.0.0) ERROR: '[Vue warn]: Error in render: "TypeError: Cannot read property 'resolve' of undefined"

found in

---> <RouterLink>
       <Root>'
,Chrome 67.0.3396 (Windows 10.0.0) ERROR: TypeError{}
,Chrome 67.0.3396 (Windows 10.0.0) ERROR: '[Vue warn]: Error in render: "TypeError: Cannot read property 'resolve' of undefined"

found in

---> <RouterLink>
       <Root>'
,Chrome 67.0.3396 (Windows 10.0.0) ERROR: TypeError{}
,Chrome 67.0.3396 (Windows 10.0.0) ERROR: '[Vue warn]: Failed to mount component: template or render function not defined.

(found in <Root>)'
,Chrome 67.0.3396 (Windows 10.0.0) ERROR: '[Vue warn]: Error in render: "TypeError: Cannot read property 'resolve' of undefined"

found in

---> <RouterLink>
       <HeadBarLight2> at src\components\head\HeadBarLight2.vue
         <Root>'
,Chrome 67.0.3396 (Windows 10.0.0) ERROR: TypeError{}
,Chrome 67.0.3396 (Windows 10.0.0) ERROR: '[Vue warn]: Error in render: "TypeError: Cannot read property 'resolve' of undefined"

found in

---> <RouterLink>
       <HeadBarLight2> at src\components\head\HeadBarLight2.vue
         <Root>'
,Chrome 67.0.3396 (Windows 10.0.0) ERROR: TypeError{}
,Chrome 67.0.3396 (Windows 10.0.0) ERROR: '[Vue warn]: Error in render: "TypeError: Cannot read property 'resolve' of undefined"

found in

---> <RouterLink>
       <HeadBarLight2> at src\components\head\HeadBarLight2.vue
         <Root>'
,Chrome 67.0.3396 (Windows 10.0.0) ERROR: TypeError{}
,Chrome 67.0.3396 (Windows 10.0.0) ERROR: '[Vue warn]: Error in render: "TypeError: Cannot read property 'resolve' of undefined"

found in

---> <RouterLink>
       <HeadBarLight2> at src\components\head\HeadBarLight2.vue
         <Root>'
,Chrome 67.0.3396 (Windows 10.0.0) ERROR: TypeError{}
,Chrome 67.0.3396 (Windows 10.0.0) ERROR: '[Vue warn]: Error in render: "TypeError: Cannot read property 'resolve' of undefined"

found in

---> <RouterLink>
       <HeadBarLight2> at src\components\head\HeadBarLight2.vue
         <Root>'
,Chrome 67.0.3396 (Windows 10.0.0) ERROR: TypeError{}
,Chrome 67.0.3396 (Windows 10.0.0) ERROR: '[Vue warn]: Unknown custom element: <el-input> - did you register the component correctly? For recursive components, make sure to provide the "name" option.

(found in <Root>)'
,Chrome 67.0.3396 (Windows 10.0.0) ERROR: '[Vue warn]: Unknown custom element: <el-input> - did you register the component correctly? For recursive components, make sure to provide the "name" option.

(found in <Root>)'
,Chrome 67.0.3396 (Windows 10.0.0) ERROR: '[Vue warn]: Unknown custom element: <el-checkbox> - did you register the component correctly? For recursive components, make sure to provide the "name" option.

(found in <Root>)'
,Chrome 67.0.3396 (Windows 10.0.0) ERROR: '[Vue warn]: Error in render: "TypeError: Cannot read property 'resolve' of undefined"

found in

---> <RouterLink>
       <Root>'
,Chrome 67.0.3396 (Windows 10.0.0) ERROR: TypeError{}
,Chrome 67.0.3396 (Windows 10.0.0) ERROR: '[Vue warn]: Unknown custom element: <el-button> - did you register the component correctly? For recursive components, make sure to provide the "name" option.

(found in <Root>)'
,Chrome 67.0.3396 (Windows 10.0.0) ERROR: '[Vue warn]: Error in render: "TypeError: Cannot read property 'resolve' of undefined"

found in

---> <RouterLink>
       <Root>'
,Chrome 67.0.3396 (Windows 10.0.0) ERROR: TypeError{}
,Chrome 67.0.3396 (Windows 10.0.0) ERROR: '[Vue warn]: Error in render: "TypeError: Cannot read property 'resolve' of undefined"

found in

---> <RouterLink>
       <HeadBarLight2> at src\components\head\HeadBarLight2.vue
         <Root>'
,Chrome 67.0.3396 (Windows 10.0.0) ERROR: TypeError{}
,Chrome 67.0.3396 (Windows 10.0.0) ERROR: '[Vue warn]: Error in render: "TypeError: Cannot read property 'resolve' of undefined"

found in

---> <RouterLink>
       <HeadBarLight2> at src\components\head\HeadBarLight2.vue
         <Root>'
,Chrome 67.0.3396 (Windows 10.0.0) ERROR: TypeError{}
,Chrome 67.0.3396 (Windows 10.0.0) ERROR: '[Vue warn]: Error in render: "TypeError: Cannot read property 'resolve' of undefined"

found in

---> <RouterLink>
       <HeadBarLight2> at src\components\head\HeadBarLight2.vue
         <Root>'
,Chrome 67.0.3396 (Windows 10.0.0) ERROR: TypeError{}
,Chrome 67.0.3396 (Windows 10.0.0) ERROR: '[Vue warn]: Error in render: "TypeError: Cannot read property 'resolve' of undefined"

found in

---> <RouterLink>
       <HeadBarLight2> at src\components\head\HeadBarLight2.vue
         <Root>'
,Chrome 67.0.3396 (Windows 10.0.0) ERROR: TypeError{}
,Chrome 67.0.3396 (Windows 10.0.0) ERROR: '[Vue warn]: Error in render: "TypeError: Cannot read property 'resolve' of undefined"

found in

---> <RouterLink>
       <HeadBarLight2> at src\components\head\HeadBarLight2.vue
         <Root>'
,Chrome 67.0.3396 (Windows 10.0.0) ERROR: TypeError{}
,Chrome 67.0.3396 (Windows 10.0.0) ERROR: '[Vue warn]: Unknown custom element: <el-input> - did you register the component correctly? For recursive components, make sure to provide the "name" option.

(found in <Root>)'
,Chrome 67.0.3396 (Windows 10.0.0) ERROR: '[Vue warn]: Unknown custom element: <el-input> - did you register the component correctly? For recursive components, make sure to provide the "name" option.

(found in <Root>)'
,Chrome 67.0.3396 (Windows 10.0.0) ERROR: '[Vue warn]: Unknown custom element: <el-checkbox> - did you register the component correctly? For recursive components, make sure to provide the "name" option.

(found in <Root>)'
,Chrome 67.0.3396 (Windows 10.0.0) ERROR: '[Vue warn]: Error in render: "TypeError: Cannot read property 'resolve' of undefined"

found in

---> <RouterLink>
       <Root>'
,Chrome 67.0.3396 (Windows 10.0.0) ERROR: TypeError{}
,Chrome 67.0.3396 (Windows 10.0.0) ERROR: '[Vue warn]: Unknown custom element: <el-button> - did you register the component correctly? For recursive components, make sure to provide the "name" option.

(found in <Root>)'
,Chrome 67.0.3396 (Windows 10.0.0) ERROR: '[Vue warn]: Error in render: "TypeError: Cannot read property 'resolve' of undefined"

found in

---> <RouterLink>
       <Root>'
,Chrome 67.0.3396 (Windows 10.0.0) ERROR: TypeError{}
,Chrome 67.0.3396 (Windows 10.0.0) ALERT: '请输入用户名'
,Chrome 67.0.3396 (Windows 10.0.0) ERROR: '[Vue warn]: Error in render: "TypeError: Cannot read property 'resolve' of undefined"

found in

---> <RouterLink>
       <HeadBarLight2> at src\components\head\HeadBarLight2.vue
         <Root>'
,Chrome 67.0.3396 (Windows 10.0.0) ERROR: TypeError{}
,Chrome 67.0.3396 (Windows 10.0.0) ERROR: '[Vue warn]: Error in render: "TypeError: Cannot read property 'resolve' of undefined"

found in

---> <RouterLink>
       <HeadBarLight2> at src\components\head\HeadBarLight2.vue
         <Root>'
,Chrome 67.0.3396 (Windows 10.0.0) ERROR: TypeError{}
,Chrome 67.0.3396 (Windows 10.0.0) ERROR: '[Vue warn]: Error in render: "TypeError: Cannot read property 'resolve' of undefined"

found in

---> <RouterLink>
       <HeadBarLight2> at src\components\head\HeadBarLight2.vue
         <Root>'
,Chrome 67.0.3396 (Windows 10.0.0) ERROR: TypeError{}
,Chrome 67.0.3396 (Windows 10.0.0) ERROR: '[Vue warn]: Error in render: "TypeError: Cannot read property 'resolve' of undefined"

found in

---> <RouterLink>
       <HeadBarLight2> at src\components\head\HeadBarLight2.vue
         <Root>'
,Chrome 67.0.3396 (Windows 10.0.0) ERROR: TypeError{}
,Chrome 67.0.3396 (Windows 10.0.0) ERROR: '[Vue warn]: Error in render: "TypeError: Cannot read property 'resolve' of undefined"

found in

---> <RouterLink>
       <HeadBarLight2> at src\components\head\HeadBarLight2.vue
         <Root>'
,Chrome 67.0.3396 (Windows 10.0.0) ERROR: TypeError{}
,Chrome 67.0.3396 (Windows 10.0.0) ERROR: '[Vue warn]: Unknown custom element: <el-input> - did you register the component correctly? For recursive components, make sure to provide the "name" option.

(found in <Root>)'
,Chrome 67.0.3396 (Windows 10.0.0) ERROR: '[Vue warn]: Unknown custom element: <el-input> - did you register the component correctly? For recursive components, make sure to provide the "name" option.

(found in <Root>)'
,Chrome 67.0.3396 (Windows 10.0.0) ERROR: '[Vue warn]: Unknown custom element: <el-checkbox> - did you register the component correctly? For recursive components, make sure to provide the "name" option.

(found in <Root>)'
,Chrome 67.0.3396 (Windows 10.0.0) ERROR: '[Vue warn]: Error in render: "TypeError: Cannot read property 'resolve' of undefined"

found in

---> <RouterLink>
       <Root>'
,Chrome 67.0.3396 (Windows 10.0.0) ERROR: TypeError{}
,Chrome 67.0.3396 (Windows 10.0.0) ERROR: '[Vue warn]: Unknown custom element: <el-button> - did you register the component correctly? For recursive components, make sure to provide the "name" option.

(found in <Root>)'
,Chrome 67.0.3396 (Windows 10.0.0) ERROR: '[Vue warn]: Error in render: "TypeError: Cannot read property 'resolve' of undefined"

found in

---> <RouterLink>
       <Root>'
,Chrome 67.0.3396 (Windows 10.0.0) ERROR: TypeError{}
,Chrome 67.0.3396 (Windows 10.0.0) ERROR: '[Vue warn]: Error in render: "TypeError: Cannot read property 'resolve' of undefined"

found in

---> <RouterLink>
       <HeadBarLight2> at src\components\head\HeadBarLight2.vue
         <Root>'
,Chrome 67.0.3396 (Windows 10.0.0) ERROR: TypeError{}
,Chrome 67.0.3396 (Windows 10.0.0) ERROR: '[Vue warn]: Error in render: "TypeError: Cannot read property 'resolve' of undefined"

found in

---> <RouterLink>
       <HeadBarLight2> at src\components\head\HeadBarLight2.vue
         <Root>'
,Chrome 67.0.3396 (Windows 10.0.0) ERROR: TypeError{}
,Chrome 67.0.3396 (Windows 10.0.0) ERROR: '[Vue warn]: Error in render: "TypeError: Cannot read property 'resolve' of undefined"

found in

---> <RouterLink>
       <HeadBarLight2> at src\components\head\HeadBarLight2.vue
         <Root>'
,Chrome 67.0.3396 (Windows 10.0.0) ERROR: TypeError{}
,Chrome 67.0.3396 (Windows 10.0.0) ERROR: '[Vue warn]: Error in render: "TypeError: Cannot read property 'resolve' of undefined"

found in

---> <RouterLink>
       <HeadBarLight2> at src\components\head\HeadBarLight2.vue
         <Root>'
,Chrome 67.0.3396 (Windows 10.0.0) ERROR: TypeError{}
,Chrome 67.0.3396 (Windows 10.0.0) ERROR: '[Vue warn]: Error in render: "TypeError: Cannot read property 'resolve' of undefined"

found in

---> <RouterLink>
       <HeadBarLight2> at src\components\head\HeadBarLight2.vue
         <Root>'
,Chrome 67.0.3396 (Windows 10.0.0) ERROR: TypeError{}
,Chrome 67.0.3396 (Windows 10.0.0) ERROR: '[Vue warn]: Unknown custom element: <el-input> - did you register the component correctly? For recursive components, make sure to provide the "name" option.

(found in <Root>)'
,Chrome 67.0.3396 (Windows 10.0.0) ERROR: '[Vue warn]: Unknown custom element: <el-input> - did you register the component correctly? For recursive components, make sure to provide the "name" option.

(found in <Root>)'
,Chrome 67.0.3396 (Windows 10.0.0) ERROR: '[Vue warn]: Unknown custom element: <el-checkbox> - did you register the component correctly? For recursive components, make sure to provide the "name" option.

(found in <Root>)'
,Chrome 67.0.3396 (Windows 10.0.0) ERROR: '[Vue warn]: Error in render: "TypeError: Cannot read property 'resolve' of undefined"

found in

---> <RouterLink>
       <Root>'
,Chrome 67.0.3396 (Windows 10.0.0) ERROR: TypeError{}
,Chrome 67.0.3396 (Windows 10.0.0) ERROR: '[Vue warn]: Unknown custom element: <el-button> - did you register the component correctly? For recursive components, make sure to provide the "name" option.

(found in <Root>)'
,Chrome 67.0.3396 (Windows 10.0.0) ERROR: '[Vue warn]: Error in render: "TypeError: Cannot read property 'resolve' of undefined"

found in

---> <RouterLink>
       <Root>'
,Chrome 67.0.3396 (Windows 10.0.0) ERROR: TypeError{}
,Chrome 67.0.3396 (Windows 10.0.0) ERROR: '[Vue warn]: Error in render: "TypeError: Cannot read property 'resolve' of undefined"

found in

---> <RouterLink>
       <Root>'
,Chrome 67.0.3396 (Windows 10.0.0) ERROR: TypeError{}
,Chrome 67.0.3396 (Windows 10.0.0) ERROR: '[Vue warn]: Error in render: "TypeError: Cannot read property 'resolve' of undefined"

found in

---> <RouterLink>
       <Root>'
,Chrome 67.0.3396 (Windows 10.0.0) ERROR: TypeError{}
,Chrome 67.0.3396 (Windows 10.0.0) ERROR: '[Vue warn]: Error in render: "TypeError: Cannot read property 'resolve' of undefined"

found in

---> <RouterLink>
       <Root>'
,Chrome 67.0.3396 (Windows 10.0.0) ERROR: TypeError{}
,Chrome 67.0.3396 (Windows 10.0.0) ERROR: '[Vue warn]: Error in render: "TypeError: Cannot read property 'resolve' of undefined"

found in

---> <RouterLink>
       <Root>'
,Chrome 67.0.3396 (Windows 10.0.0) ERROR: TypeError{}
,Chrome 67.0.3396 (Windows 10.0.0) ERROR: '[Vue warn]: Error in render: "TypeError: Cannot read property 'resolve' of undefined"

found in

---> <RouterLink>
       <Root>'
,Chrome 67.0.3396 (Windows 10.0.0) ERROR: TypeError{}
,Chrome 67.0.3396 (Windows 10.0.0) ERROR: '[Vue warn]: Error in render: "TypeError: Cannot read property 'resolve' of undefined"

found in

---> <RouterLink>
       <Root>'
,Chrome 67.0.3396 (Windows 10.0.0) ERROR: TypeError{}
,Chrome 67.0.3396 (Windows 10.0.0) ERROR: '[Vue warn]: Error in render: "TypeError: Cannot read property 'resolve' of undefined"

found in

---> <RouterLink>
       <Root>'
,Chrome 67.0.3396 (Windows 10.0.0) ERROR: TypeError{}
,Chrome 67.0.3396 (Windows 10.0.0) ERROR: '[Vue warn]: Error in render: "TypeError: Cannot read property 'resolve' of undefined"

found in

---> <RouterLink>
       <Root>'
,Chrome 67.0.3396 (Windows 10.0.0) ERROR: TypeError{}
,Chrome 67.0.3396 (Windows 10.0.0) ERROR: '[Vue warn]: Error in render: "TypeError: Cannot read property 'resolve' of undefined"

found in

---> <RouterLink>
       <HeadBarLight2> at src\components\head\HeadBarLight2.vue
         <Root>'
,Chrome 67.0.3396 (Windows 10.0.0) ERROR: TypeError{}
,Chrome 67.0.3396 (Windows 10.0.0) ERROR: '[Vue warn]: Error in render: "TypeError: Cannot read property 'resolve' of undefined"

found in

---> <RouterLink>
       <HeadBarLight2> at src\components\head\HeadBarLight2.vue
         <Root>'
,Chrome 67.0.3396 (Windows 10.0.0) ERROR: TypeError{}
,Chrome 67.0.3396 (Windows 10.0.0) ERROR: '[Vue warn]: Error in render: "TypeError: Cannot read property 'resolve' of undefined"

found in

---> <RouterLink>
       <HeadBarLight2> at src\components\head\HeadBarLight2.vue
         <Root>'
,Chrome 67.0.3396 (Windows 10.0.0) ERROR: TypeError{}
,Chrome 67.0.3396 (Windows 10.0.0) ERROR: '[Vue warn]: Error in render: "TypeError: Cannot read property 'resolve' of undefined"

found in

---> <RouterLink>
       <HeadBarLight2> at src\components\head\HeadBarLight2.vue
         <Root>'
,Chrome 67.0.3396 (Windows 10.0.0) ERROR: TypeError{}
,Chrome 67.0.3396 (Windows 10.0.0) ERROR: '[Vue warn]: Error in render: "TypeError: Cannot read property 'resolve' of undefined"

found in

---> <RouterLink>
       <HeadBarLight2> at src\components\head\HeadBarLight2.vue
         <Root>'
,Chrome 67.0.3396 (Windows 10.0.0) ERROR: TypeError{}
,Chrome 67.0.3396 (Windows 10.0.0) ERROR: '[Vue warn]: Unknown custom element: <el-input> - did you register the component correctly? For recursive components, make sure to provide the "name" option.

(found in <Root>)'
,Chrome 67.0.3396 (Windows 10.0.0) ERROR: '[Vue warn]: Unknown custom element: <el-input> - did you register the component correctly? For recursive components, make sure to provide the "name" option.

(found in <Root>)'
,Chrome 67.0.3396 (Windows 10.0.0) ERROR: '[Vue warn]: Unknown custom element: <el-checkbox> - did you register the component correctly? For recursive components, make sure to provide the "name" option.

(found in <Root>)'
,Chrome 67.0.3396 (Windows 10.0.0) ERROR: '[Vue warn]: Error in render: "TypeError: Cannot read property 'resolve' of undefined"

found in

---> <RouterLink>
       <Root>'
,Chrome 67.0.3396 (Windows 10.0.0) ERROR: TypeError{}
,Chrome 67.0.3396 (Windows 10.0.0) ERROR: '[Vue warn]: Unknown custom element: <el-button> - did you register the component correctly? For recursive components, make sure to provide the "name" option.

(found in <Root>)'
,Chrome 67.0.3396 (Windows 10.0.0) ERROR: '[Vue warn]: Error in render: "TypeError: Cannot read property 'resolve' of undefined"

found in

---> <RouterLink>
       <Root>'
,Chrome 67.0.3396 (Windows 10.0.0) ERROR: TypeError{}
,Chrome 67.0.3396 (Windows 10.0.0) ERROR: '[Vue warn]: Error in render: "TypeError: Cannot read property 'resolve' of undefined"

found in

---> <RouterLink>
       <HeadBarLight2> at src\components\head\HeadBarLight2.vue
         <Root>'
,Chrome 67.0.3396 (Windows 10.0.0) ERROR: TypeError{}
,Chrome 67.0.3396 (Windows 10.0.0) ERROR: '[Vue warn]: Error in render: "TypeError: Cannot read property 'resolve' of undefined"

found in

---> <RouterLink>
       <HeadBarLight2> at src\components\head\HeadBarLight2.vue
         <Root>'
,Chrome 67.0.3396 (Windows 10.0.0) ERROR: TypeError{}
,Chrome 67.0.3396 (Windows 10.0.0) ERROR: '[Vue warn]: Error in render: "TypeError: Cannot read property 'resolve' of undefined"

found in

---> <RouterLink>
       <HeadBarLight2> at src\components\head\HeadBarLight2.vue
         <Root>'
,Chrome 67.0.3396 (Windows 10.0.0) ERROR: TypeError{}
,Chrome 67.0.3396 (Windows 10.0.0) ERROR: '[Vue warn]: Error in render: "TypeError: Cannot read property 'resolve' of undefined"

found in

---> <RouterLink>
       <HeadBarLight2> at src\components\head\HeadBarLight2.vue
         <Root>'
,Chrome 67.0.3396 (Windows 10.0.0) ERROR: TypeError{}
,Chrome 67.0.3396 (Windows 10.0.0) ERROR: '[Vue warn]: Error in render: "TypeError: Cannot read property 'resolve' of undefined"

found in

---> <RouterLink>
       <HeadBarLight2> at src\components\head\HeadBarLight2.vue
         <Root>'
,Chrome 67.0.3396 (Windows 10.0.0) ERROR: TypeError{}
,Chrome 67.0.3396 (Windows 10.0.0) ERROR: '[Vue warn]: Unknown custom element: <el-input> - did you register the component correctly? For recursive components, make sure to provide the "name" option.

(found in <Root>)'
,Chrome 67.0.3396 (Windows 10.0.0) ERROR: '[Vue warn]: Unknown custom element: <el-input> - did you register the component correctly? For recursive components, make sure to provide the "name" option.

(found in <Root>)'
,Chrome 67.0.3396 (Windows 10.0.0) ERROR: '[Vue warn]: Unknown custom element: <el-checkbox> - did you register the component correctly? For recursive components, make sure to provide the "name" option.

(found in <Root>)'
,Chrome 67.0.3396 (Windows 10.0.0) ERROR: '[Vue warn]: Error in render: "TypeError: Cannot read property 'resolve' of undefined"

found in

---> <RouterLink>
       <Root>'
,Chrome 67.0.3396 (Windows 10.0.0) ERROR: TypeError{}
,Chrome 67.0.3396 (Windows 10.0.0) ERROR: '[Vue warn]: Unknown custom element: <el-button> - did you register the component correctly? For recursive components, make sure to provide the "name" option.

(found in <Root>)'
,Chrome 67.0.3396 (Windows 10.0.0) ERROR: '[Vue warn]: Error in render: "TypeError: Cannot read property 'resolve' of undefined"

found in

---> <RouterLink>
       <Root>'
,Chrome 67.0.3396 (Windows 10.0.0) ERROR: TypeError{}
,Chrome 67.0.3396 (Windows 10.0.0) ALERT: '请输入密码'
,Chrome 67.0.3396 (Windows 10.0.0) ERROR: '[Vue warn]: Error in render: "TypeError: Cannot read property 'resolve' of undefined"

found in

---> <RouterLink>
       <HeadBarLight2> at src\components\head\HeadBarLight2.vue
         <Root>'
,Chrome 67.0.3396 (Windows 10.0.0) ERROR: TypeError{}
,Chrome 67.0.3396 (Windows 10.0.0) ERROR: '[Vue warn]: Error in render: "TypeError: Cannot read property 'resolve' of undefined"

found in

---> <RouterLink>
       <HeadBarLight2> at src\components\head\HeadBarLight2.vue
         <Root>'
,Chrome 67.0.3396 (Windows 10.0.0) ERROR: TypeError{}
,Chrome 67.0.3396 (Windows 10.0.0) ERROR: '[Vue warn]: Error in render: "TypeError: Cannot read property 'resolve' of undefined"

found in

---> <RouterLink>
       <HeadBarLight2> at src\components\head\HeadBarLight2.vue
         <Root>'
,Chrome 67.0.3396 (Windows 10.0.0) ERROR: TypeError{}
,Chrome 67.0.3396 (Windows 10.0.0) ERROR: '[Vue warn]: Error in render: "TypeError: Cannot read property 'resolve' of undefined"

found in

---> <RouterLink>
       <HeadBarLight2> at src\components\head\HeadBarLight2.vue
         <Root>'
,Chrome 67.0.3396 (Windows 10.0.0) ERROR: TypeError{}
,Chrome 67.0.3396 (Windows 10.0.0) ERROR: '[Vue warn]: Error in render: "TypeError: Cannot read property 'resolve' of undefined"

found in

---> <RouterLink>
       <HeadBarLight2> at src\components\head\HeadBarLight2.vue
         <Root>'
,Chrome 67.0.3396 (Windows 10.0.0) ERROR: TypeError{}
,Chrome 67.0.3396 (Windows 10.0.0) ERROR: '[Vue warn]: Unknown custom element: <el-input> - did you register the component correctly? For recursive components, make sure to provide the "name" option.

(found in <Root>)'
,Chrome 67.0.3396 (Windows 10.0.0) ERROR: '[Vue warn]: Unknown custom element: <el-input> - did you register the component correctly? For recursive components, make sure to provide the "name" option.

(found in <Root>)'
,Chrome 67.0.3396 (Windows 10.0.0) ERROR: '[Vue warn]: Unknown custom element: <el-checkbox> - did you register the component correctly? For recursive components, make sure to provide the "name" option.

(found in <Root>)'
,Chrome 67.0.3396 (Windows 10.0.0) ERROR: '[Vue warn]: Error in render: "TypeError: Cannot read property 'resolve' of undefined"

found in

---> <RouterLink>
       <Root>'
,Chrome 67.0.3396 (Windows 10.0.0) ERROR: TypeError{}
,Chrome 67.0.3396 (Windows 10.0.0) ERROR: '[Vue warn]: Unknown custom element: <el-button> - did you register the component correctly? For recursive components, make sure to provide the "name" option.

(found in <Root>)'
,Chrome 67.0.3396 (Windows 10.0.0) ERROR: '[Vue warn]: Error in render: "TypeError: Cannot read property 'resolve' of undefined"

found in

---> <RouterLink>
       <Root>'
,Chrome 67.0.3396 (Windows 10.0.0) ERROR: TypeError{}
,Chrome 67.0.3396 (Windows 10.0.0) ALERT: '请输入用户名'
,Chrome 67.0.3396 (Windows 10.0.0) ERROR: '[Vue warn]: Error in render: "TypeError: Cannot read property 'resolve' of undefined"

found in

---> <RouterLink>
       <HeadBarLight2> at src\components\head\HeadBarLight2.vue
         <Root>'
,Chrome 67.0.3396 (Windows 10.0.0) ERROR: TypeError{}
,Chrome 67.0.3396 (Windows 10.0.0) ERROR: '[Vue warn]: Error in render: "TypeError: Cannot read property 'resolve' of undefined"

found in

---> <RouterLink>
       <HeadBarLight2> at src\components\head\HeadBarLight2.vue
         <Root>'
,Chrome 67.0.3396 (Windows 10.0.0) ERROR: TypeError{}
,Chrome 67.0.3396 (Windows 10.0.0) ERROR: '[Vue warn]: Error in render: "TypeError: Cannot read property 'resolve' of undefined"

found in

---> <RouterLink>
       <HeadBarLight2> at src\components\head\HeadBarLight2.vue
         <Root>'
,Chrome 67.0.3396 (Windows 10.0.0) ERROR: TypeError{}
,Chrome 67.0.3396 (Windows 10.0.0) ERROR: '[Vue warn]: Error in render: "TypeError: Cannot read property 'resolve' of undefined"

found in

---> <RouterLink>
       <HeadBarLight2> at src\components\head\HeadBarLight2.vue
         <Root>'
,Chrome 67.0.3396 (Windows 10.0.0) ERROR: TypeError{}
,Chrome 67.0.3396 (Windows 10.0.0) ERROR: '[Vue warn]: Error in render: "TypeError: Cannot read property 'resolve' of undefined"

found in

---> <RouterLink>
       <HeadBarLight2> at src\components\head\HeadBarLight2.vue
         <Root>'
,Chrome 67.0.3396 (Windows 10.0.0) ERROR: TypeError{}
,Chrome 67.0.3396 (Windows 10.0.0) ERROR: '[Vue warn]: Unknown custom element: <el-input> - did you register the component correctly? For recursive components, make sure to provide the "name" option.

(found in <Root>)'
,Chrome 67.0.3396 (Windows 10.0.0) ERROR: '[Vue warn]: Unknown custom element: <el-input> - did you register the component correctly? For recursive components, make sure to provide the "name" option.

(found in <Root>)'
,Chrome 67.0.3396 (Windows 10.0.0) ERROR: '[Vue warn]: Unknown custom element: <el-checkbox> - did you register the component correctly? For recursive components, make sure to provide the "name" option.

(found in <Root>)'
,Chrome 67.0.3396 (Windows 10.0.0) ERROR: '[Vue warn]: Error in render: "TypeError: Cannot read property 'resolve' of undefined"

found in

---> <RouterLink>
       <Root>'
,Chrome 67.0.3396 (Windows 10.0.0) ERROR: TypeError{}
,Chrome 67.0.3396 (Windows 10.0.0) ERROR: '[Vue warn]: Unknown custom element: <el-button> - did you register the component correctly? For recursive components, make sure to provide the "name" option.

(found in <Root>)'
,Chrome 67.0.3396 (Windows 10.0.0) ERROR: '[Vue warn]: Error in render: "TypeError: Cannot read property 'resolve' of undefined"

found in

---> <RouterLink>
       <Root>'
,Chrome 67.0.3396 (Windows 10.0.0) ERROR: TypeError{}
,Chrome 67.0.3396 (Windows 10.0.0) ALERT: '请输入密码'
,Chrome 67.0.3396 (Windows 10.0.0) ERROR: '[Vue warn]: Error in render: "TypeError: Cannot read property 'resolve' of undefined"

found in

---> <RouterLink>
       <HeadBarLight2> at src\components\head\HeadBarLight2.vue
         <Root>'
,Chrome 67.0.3396 (Windows 10.0.0) ERROR: TypeError{}
,Chrome 67.0.3396 (Windows 10.0.0) ERROR: '[Vue warn]: Error in render: "TypeError: Cannot read property 'resolve' of undefined"

found in

---> <RouterLink>
       <HeadBarLight2> at src\components\head\HeadBarLight2.vue
         <Root>'
,Chrome 67.0.3396 (Windows 10.0.0) ERROR: TypeError{}
,Chrome 67.0.3396 (Windows 10.0.0) ERROR: '[Vue warn]: Error in render: "TypeError: Cannot read property 'resolve' of undefined"

found in

---> <RouterLink>
       <HeadBarLight2> at src\components\head\HeadBarLight2.vue
         <Root>'
,Chrome 67.0.3396 (Windows 10.0.0) ERROR: TypeError{}
,Chrome 67.0.3396 (Windows 10.0.0) ERROR: '[Vue warn]: Error in render: "TypeError: Cannot read property 'resolve' of undefined"

found in

---> <RouterLink>
       <HeadBarLight2> at src\components\head\HeadBarLight2.vue
         <Root>'
,Chrome 67.0.3396 (Windows 10.0.0) ERROR: TypeError{}
,Chrome 67.0.3396 (Windows 10.0.0) ERROR: '[Vue warn]: Error in render: "TypeError: Cannot read property 'resolve' of undefined"

found in

---> <RouterLink>
       <HeadBarLight2> at src\components\head\HeadBarLight2.vue
         <Root>'
,Chrome 67.0.3396 (Windows 10.0.0) ERROR: TypeError{}
,Chrome 67.0.3396 (Windows 10.0.0) ERROR: '[Vue warn]: Unknown custom element: <el-input> - did you register the component correctly? For recursive components, make sure to provide the "name" option.

(found in <Root>)'
,Chrome 67.0.3396 (Windows 10.0.0) ERROR: '[Vue warn]: Unknown custom element: <el-input> - did you register the component correctly? For recursive components, make sure to provide the "name" option.

(found in <Root>)'
,Chrome 67.0.3396 (Windows 10.0.0) ERROR: '[Vue warn]: Unknown custom element: <el-checkbox> - did you register the component correctly? For recursive components, make sure to provide the "name" option.

(found in <Root>)'
,Chrome 67.0.3396 (Windows 10.0.0) ERROR: '[Vue warn]: Error in render: "TypeError: Cannot read property 'resolve' of undefined"

found in

---> <RouterLink>
       <Root>'
,Chrome 67.0.3396 (Windows 10.0.0) ERROR: TypeError{}
,Chrome 67.0.3396 (Windows 10.0.0) ERROR: '[Vue warn]: Unknown custom element: <el-button> - did you register the component correctly? For recursive components, make sure to provide the "name" option.

(found in <Root>)'
,Chrome 67.0.3396 (Windows 10.0.0) ERROR: '[Vue warn]: Error in render: "TypeError: Cannot read property 'resolve' of undefined"

found in

---> <RouterLink>
       <Root>'
,Chrome 67.0.3396 (Windows 10.0.0) ERROR: TypeError{}
,Chrome 67.0.3396 (Windows 10.0.0) ALERT: '请输入密码'
,Chrome 67.0.3396 (Windows 10.0.0) ERROR: '[Vue warn]: Error in render: "TypeError: Cannot read property 'resolve' of undefined"

found in

---> <RouterLink>
       <HeadBarLight2> at src\components\head\HeadBarLight2.vue
         <Root>'
,Chrome 67.0.3396 (Windows 10.0.0) ERROR: TypeError{}
,Chrome 67.0.3396 (Windows 10.0.0) ERROR: '[Vue warn]: Error in render: "TypeError: Cannot read property 'resolve' of undefined"

found in

---> <RouterLink>
       <HeadBarLight2> at src\components\head\HeadBarLight2.vue
         <Root>'
,Chrome 67.0.3396 (Windows 10.0.0) ERROR: TypeError{}
,Chrome 67.0.3396 (Windows 10.0.0) ERROR: '[Vue warn]: Error in render: "TypeError: Cannot read property 'resolve' of undefined"

found in

---> <RouterLink>
       <HeadBarLight2> at src\components\head\HeadBarLight2.vue
         <Root>'
,Chrome 67.0.3396 (Windows 10.0.0) ERROR: TypeError{}
,Chrome 67.0.3396 (Windows 10.0.0) ERROR: '[Vue warn]: Error in render: "TypeError: Cannot read property 'resolve' of undefined"

found in

---> <RouterLink>
       <HeadBarLight2> at src\components\head\HeadBarLight2.vue
         <Root>'
,Chrome 67.0.3396 (Windows 10.0.0) ERROR: TypeError{}
,Chrome 67.0.3396 (Windows 10.0.0) ERROR: '[Vue warn]: Error in render: "TypeError: Cannot read property 'resolve' of undefined"

found in

---> <RouterLink>
       <HeadBarLight2> at src\components\head\HeadBarLight2.vue
         <Root>'
,Chrome 67.0.3396 (Windows 10.0.0) ERROR: TypeError{}
,Chrome 67.0.3396 (Windows 10.0.0) ERROR: '[Vue warn]: Unknown custom element: <el-input> - did you register the component correctly? For recursive components, make sure to provide the "name" option.

(found in <Root>)'
,Chrome 67.0.3396 (Windows 10.0.0) ERROR: '[Vue warn]: Unknown custom element: <el-input> - did you register the component correctly? For recursive components, make sure to provide the "name" option.

(found in <Root>)'
,Chrome 67.0.3396 (Windows 10.0.0) ERROR: '[Vue warn]: Unknown custom element: <el-checkbox> - did you register the component correctly? For recursive components, make sure to provide the "name" option.

(found in <Root>)'
,Chrome 67.0.3396 (Windows 10.0.0) ERROR: '[Vue warn]: Error in render: "TypeError: Cannot read property 'resolve' of undefined"

found in

---> <RouterLink>
       <Root>'
,Chrome 67.0.3396 (Windows 10.0.0) ERROR: TypeError{}
,Chrome 67.0.3396 (Windows 10.0.0) ERROR: '[Vue warn]: Unknown custom element: <el-button> - did you register the component correctly? For recursive components, make sure to provide the "name" option.

(found in <Root>)'
,Chrome 67.0.3396 (Windows 10.0.0) ERROR: '[Vue warn]: Error in render: "TypeError: Cannot read property 'resolve' of undefined"

found in

---> <RouterLink>
       <Root>'
,Chrome 67.0.3396 (Windows 10.0.0) ERROR: TypeError{}
,Chrome 67.0.3396 (Windows 10.0.0) ALERT: '请输入密码'
,Chrome 67.0.3396 (Windows 10.0.0) ERROR: '[Vue warn]: Failed to mount component: template or render function not defined.

(found in <Root>)'
,Chrome 67.0.3396 (Windows 10.0.0) ERROR: '[Vue warn]: Error in render: "TypeError: Cannot read property 'resolve' of undefined"

found in

---> <RouterLink>
       <HeadBarLight2> at src\components\head\HeadBarLight2.vue
         <Root>'
,Chrome 67.0.3396 (Windows 10.0.0) ERROR: TypeError{}
,Chrome 67.0.3396 (Windows 10.0.0) ERROR: '[Vue warn]: Error in render: "TypeError: Cannot read property 'resolve' of undefined"

found in

---> <RouterLink>
       <HeadBarLight2> at src\components\head\HeadBarLight2.vue
         <Root>'
,Chrome 67.0.3396 (Windows 10.0.0) ERROR: TypeError{}
,Chrome 67.0.3396 (Windows 10.0.0) ERROR: '[Vue warn]: Error in render: "TypeError: Cannot read property 'resolve' of undefined"

found in

---> <RouterLink>
       <HeadBarLight2> at src\components\head\HeadBarLight2.vue
         <Root>'
,Chrome 67.0.3396 (Windows 10.0.0) ERROR: TypeError{}
,Chrome 67.0.3396 (Windows 10.0.0) ERROR: '[Vue warn]: Error in render: "TypeError: Cannot read property 'resolve' of undefined"

found in

---> <RouterLink>
       <HeadBarLight2> at src\components\head\HeadBarLight2.vue
         <Root>'
,Chrome 67.0.3396 (Windows 10.0.0) ERROR: TypeError{}
,Chrome 67.0.3396 (Windows 10.0.0) ERROR: '[Vue warn]: Error in render: "TypeError: Cannot read property 'resolve' of undefined"

found in

---> <RouterLink>
       <HeadBarLight2> at src\components\head\HeadBarLight2.vue
         <Root>'
,Chrome 67.0.3396 (Windows 10.0.0) ERROR: TypeError{}
,Chrome 67.0.3396 (Windows 10.0.0) ERROR: '[Vue warn]: Unknown custom element: <el-input> - did you register the component correctly? For recursive components, make sure to provide the "name" option.

(found in <Root>)'
,Chrome 67.0.3396 (Windows 10.0.0) ERROR: '[Vue warn]: Unknown custom element: <el-input> - did you register the component correctly? For recursive components, make sure to provide the "name" option.

(found in <Root>)'
,Chrome 67.0.3396 (Windows 10.0.0) ERROR: '[Vue warn]: Unknown custom element: <el-input> - did you register the component correctly? For recursive components, make sure to provide the "name" option.

(found in <Root>)'
,Chrome 67.0.3396 (Windows 10.0.0) ERROR: '[Vue warn]: Unknown custom element: <el-input> - did you register the component correctly? For recursive components, make sure to provide the "name" option.

(found in <Root>)'
,Chrome 67.0.3396 (Windows 10.0.0) ERROR: '[Vue warn]: Unknown custom element: <el-checkbox> - did you register the component correctly? For recursive components, make sure to provide the "name" option.

(found in <Root>)'
,Chrome 67.0.3396 (Windows 10.0.0) ERROR: '[Vue warn]: Unknown custom element: <el-button> - did you register the component correctly? For recursive components, make sure to provide the "name" option.

(found in <Root>)'
,Chrome 67.0.3396 (Windows 10.0.0) ERROR: '[Vue warn]: Error in render: "TypeError: Cannot read property 'resolve' of undefined"

found in

---> <RouterLink>
       <Root>'
,Chrome 67.0.3396 (Windows 10.0.0) ERROR: TypeError{}
,Chrome 67.0.3396 (Windows 10.0.0) ERROR: '[Vue warn]: Error in render: "TypeError: Cannot read property 'resolve' of undefined"

found in

---> <RouterLink>
       <Root>'
,Chrome 67.0.3396 (Windows 10.0.0) ERROR: TypeError{}
,Chrome 67.0.3396 (Windows 10.0.0) ERROR: '[Vue warn]: Error in render: "TypeError: Cannot read property 'resolve' of undefined"

found in

---> <RouterLink>
       <Root>'
,Chrome 67.0.3396 (Windows 10.0.0) ERROR: TypeError{}
,Chrome 67.0.3396 (Windows 10.0.0) ERROR: '[Vue warn]: Error in render: "TypeError: Cannot read property 'resolve' of undefined"

found in

---> <RouterLink>
       <Root>'
,Chrome 67.0.3396 (Windows 10.0.0) ERROR: TypeError{}
,Chrome 67.0.3396 (Windows 10.0.0) ERROR: '[Vue warn]: Error in render: "TypeError: Cannot read property 'resolve' of undefined"

found in

---> <RouterLink>
       <Root>'
,Chrome 67.0.3396 (Windows 10.0.0) ERROR: TypeError{}
,Chrome 67.0.3396 (Windows 10.0.0) ERROR: '[Vue warn]: Error in render: "TypeError: Cannot read property 'resolve' of undefined"

found in

---> <RouterLink>
       <Root>'
,Chrome 67.0.3396 (Windows 10.0.0) ERROR: TypeError{}
,Chrome 67.0.3396 (Windows 10.0.0) ERROR: '[Vue warn]: Error in render: "TypeError: Cannot read property 'resolve' of undefined"

found in

---> <RouterLink>
       <Root>'
,Chrome 67.0.3396 (Windows 10.0.0) ERROR: TypeError{}
,Chrome 67.0.3396 (Windows 10.0.0) ERROR: '[Vue warn]: Error in render: "TypeError: Cannot read property 'resolve' of undefined"

found in

---> <RouterLink>
       <Root>'
,Chrome 67.0.3396 (Windows 10.0.0) ERROR: TypeError{}
,Chrome 67.0.3396 (Windows 10.0.0) ERROR: '[Vue warn]: Error in render: "TypeError: Cannot read property 'resolve' of undefined"

found in

---> <RouterLink>
       <Root>'
,Chrome 67.0.3396 (Windows 10.0.0) ERROR: TypeError{}
,Chrome 67.0.3396 (Windows 10.0.0) ERROR: '[Vue warn]: Error in render: "TypeError: Cannot read property 'resolve' of undefined"

found in

---> <RouterLink>
       <Root>'
,Chrome 67.0.3396 (Windows 10.0.0) ERROR: TypeError{}
,Chrome 67.0.3396 (Windows 10.0.0) ERROR: '[Vue warn]: Error in render: "TypeError: Cannot read property 'resolve' of undefined"

found in

---> <RouterLink>
       <Root>'
,Chrome 67.0.3396 (Windows 10.0.0) ERROR: TypeError{}
,Chrome 67.0.3396 (Windows 10.0.0) ERROR: '[Vue warn]: Error in render: "TypeError: Cannot read property 'resolve' of undefined"

found in

---> <RouterLink>
       <Root>'
,Chrome 67.0.3396 (Windows 10.0.0) ERROR: TypeError{}
,Chrome 67.0.3396 (Windows 10.0.0) ERROR: '[Vue warn]: Error in render: "TypeError: Cannot read property 'resolve' of undefined"

found in

---> <RouterLink>
       <HeadBarLight2> at src\components\head\HeadBarLight2.vue
         <Root>'
,Chrome 67.0.3396 (Windows 10.0.0) ERROR: TypeError{}
,Chrome 67.0.3396 (Windows 10.0.0) ERROR: '[Vue warn]: Error in render: "TypeError: Cannot read property 'resolve' of undefined"

found in

---> <RouterLink>
       <HeadBarLight2> at src\components\head\HeadBarLight2.vue
         <Root>'
,Chrome 67.0.3396 (Windows 10.0.0) ERROR: TypeError{}
,Chrome 67.0.3396 (Windows 10.0.0) ERROR: '[Vue warn]: Error in render: "TypeError: Cannot read property 'resolve' of undefined"

found in

---> <RouterLink>
       <HeadBarLight2> at src\components\head\HeadBarLight2.vue
         <Root>'
,Chrome 67.0.3396 (Windows 10.0.0) ERROR: TypeError{}
,Chrome 67.0.3396 (Windows 10.0.0) ERROR: '[Vue warn]: Error in render: "TypeError: Cannot read property 'resolve' of undefined"

found in

---> <RouterLink>
       <HeadBarLight2> at src\components\head\HeadBarLight2.vue
         <Root>'
,Chrome 67.0.3396 (Windows 10.0.0) ERROR: TypeError{}
,Chrome 67.0.3396 (Windows 10.0.0) ERROR: '[Vue warn]: Error in render: "TypeError: Cannot read property 'resolve' of undefined"

found in

---> <RouterLink>
       <HeadBarLight2> at src\components\head\HeadBarLight2.vue
         <Root>'
,Chrome 67.0.3396 (Windows 10.0.0) ERROR: TypeError{}
,Chrome 67.0.3396 (Windows 10.0.0) ERROR: '[Vue warn]: Unknown custom element: <el-input> - did you register the component correctly? For recursive components, make sure to provide the "name" option.

(found in <Root>)'
,Chrome 67.0.3396 (Windows 10.0.0) ERROR: '[Vue warn]: Unknown custom element: <el-input> - did you register the component correctly? For recursive components, make sure to provide the "name" option.

(found in <Root>)'
,Chrome 67.0.3396 (Windows 10.0.0) ERROR: '[Vue warn]: Unknown custom element: <el-input> - did you register the component correctly? For recursive components, make sure to provide the "name" option.

(found in <Root>)'
,Chrome 67.0.3396 (Windows 10.0.0) ERROR: '[Vue warn]: Unknown custom element: <el-input> - did you register the component correctly? For recursive components, make sure to provide the "name" option.

(found in <Root>)'
,Chrome 67.0.3396 (Windows 10.0.0) ERROR: '[Vue warn]: Unknown custom element: <el-checkbox> - did you register the component correctly? For recursive components, make sure to provide the "name" option.

(found in <Root>)'
,Chrome 67.0.3396 (Windows 10.0.0) ERROR: '[Vue warn]: Unknown custom element: <el-button> - did you register the component correctly? For recursive components, make sure to provide the "name" option.

(found in <Root>)'
,Chrome 67.0.3396 (Windows 10.0.0) ERROR: '[Vue warn]: Error in render: "TypeError: Cannot read property 'resolve' of undefined"

found in

---> <RouterLink>
       <HeadBarLight2> at src\components\head\HeadBarLight2.vue
         <Root>'
,Chrome 67.0.3396 (Windows 10.0.0) ERROR: TypeError{}
,Chrome 67.0.3396 (Windows 10.0.0) ERROR: '[Vue warn]: Error in render: "TypeError: Cannot read property 'resolve' of undefined"

found in

---> <RouterLink>
       <HeadBarLight2> at src\components\head\HeadBarLight2.vue
         <Root>'
,Chrome 67.0.3396 (Windows 10.0.0) ERROR: TypeError{}
,Chrome 67.0.3396 (Windows 10.0.0) ERROR: '[Vue warn]: Error in render: "TypeError: Cannot read property 'resolve' of undefined"

found in

---> <RouterLink>
       <HeadBarLight2> at src\components\head\HeadBarLight2.vue
         <Root>'
,Chrome 67.0.3396 (Windows 10.0.0) ERROR: TypeError{}
,Chrome 67.0.3396 (Windows 10.0.0) ERROR: '[Vue warn]: Error in render: "TypeError: Cannot read property 'resolve' of undefined"

found in

---> <RouterLink>
       <HeadBarLight2> at src\components\head\HeadBarLight2.vue
         <Root>'
,Chrome 67.0.3396 (Windows 10.0.0) ERROR: TypeError{}
,Chrome 67.0.3396 (Windows 10.0.0) ERROR: '[Vue warn]: Error in render: "TypeError: Cannot read property 'resolve' of undefined"

found in

---> <RouterLink>
       <HeadBarLight2> at src\components\head\HeadBarLight2.vue
         <Root>'
,Chrome 67.0.3396 (Windows 10.0.0) ERROR: TypeError{}
,Chrome 67.0.3396 (Windows 10.0.0) ERROR: '[Vue warn]: Unknown custom element: <el-input> - did you register the component correctly? For recursive components, make sure to provide the "name" option.

(found in <Root>)'
,Chrome 67.0.3396 (Windows 10.0.0) ERROR: '[Vue warn]: Unknown custom element: <el-input> - did you register the component correctly? For recursive components, make sure to provide the "name" option.

(found in <Root>)'
,Chrome 67.0.3396 (Windows 10.0.0) ERROR: '[Vue warn]: Unknown custom element: <el-input> - did you register the component correctly? For recursive components, make sure to provide the "name" option.

(found in <Root>)'
,Chrome 67.0.3396 (Windows 10.0.0) ERROR: '[Vue warn]: Unknown custom element: <el-input> - did you register the component correctly? For recursive components, make sure to provide the "name" option.

(found in <Root>)'
,Chrome 67.0.3396 (Windows 10.0.0) ERROR: '[Vue warn]: Unknown custom element: <el-checkbox> - did you register the component correctly? For recursive components, make sure to provide the "name" option.

(found in <Root>)'
,Chrome 67.0.3396 (Windows 10.0.0) ERROR: '[Vue warn]: Unknown custom element: <el-button> - did you register the component correctly? For recursive components, make sure to provide the "name" option.

(found in <Root>)'
,Chrome 67.0.3396 (Windows 10.0.0) ERROR: '[Vue warn]: Error in render: "TypeError: Cannot read property 'resolve' of undefined"

found in

---> <RouterLink>
       <HeadBarLight2> at src\components\head\HeadBarLight2.vue
         <Root>'
,Chrome 67.0.3396 (Windows 10.0.0) ERROR: TypeError{}
,Chrome 67.0.3396 (Windows 10.0.0) ERROR: '[Vue warn]: Error in render: "TypeError: Cannot read property 'resolve' of undefined"

found in

---> <RouterLink>
       <HeadBarLight2> at src\components\head\HeadBarLight2.vue
         <Root>'
,Chrome 67.0.3396 (Windows 10.0.0) ERROR: TypeError{}
,Chrome 67.0.3396 (Windows 10.0.0) ERROR: '[Vue warn]: Error in render: "TypeError: Cannot read property 'resolve' of undefined"

found in

---> <RouterLink>
       <HeadBarLight2> at src\components\head\HeadBarLight2.vue
         <Root>'
,Chrome 67.0.3396 (Windows 10.0.0) ERROR: TypeError{}
,Chrome 67.0.3396 (Windows 10.0.0) ERROR: '[Vue warn]: Error in render: "TypeError: Cannot read property 'resolve' of undefined"

found in

---> <RouterLink>
       <HeadBarLight2> at src\components\head\HeadBarLight2.vue
         <Root>'
,Chrome 67.0.3396 (Windows 10.0.0) ERROR: TypeError{}
,Chrome 67.0.3396 (Windows 10.0.0) ERROR: '[Vue warn]: Error in render: "TypeError: Cannot read property 'resolve' of undefined"

found in

---> <RouterLink>
       <HeadBarLight2> at src\components\head\HeadBarLight2.vue
         <Root>'
,Chrome 67.0.3396 (Windows 10.0.0) ERROR: TypeError{}
,Chrome 67.0.3396 (Windows 10.0.0) ERROR: '[Vue warn]: Unknown custom element: <el-input> - did you register the component correctly? For recursive components, make sure to provide the "name" option.

(found in <Root>)'
,Chrome 67.0.3396 (Windows 10.0.0) ERROR: '[Vue warn]: Unknown custom element: <el-input> - did you register the component correctly? For recursive components, make sure to provide the "name" option.

(found in <Root>)'
,Chrome 67.0.3396 (Windows 10.0.0) ERROR: '[Vue warn]: Unknown custom element: <el-input> - did you register the component correctly? For recursive components, make sure to provide the "name" option.

(found in <Root>)'
,Chrome 67.0.3396 (Windows 10.0.0) ERROR: '[Vue warn]: Unknown custom element: <el-input> - did you register the component correctly? For recursive components, make sure to provide the "name" option.

(found in <Root>)'
,Chrome 67.0.3396 (Windows 10.0.0) ERROR: '[Vue warn]: Unknown custom element: <el-checkbox> - did you register the component correctly? For recursive components, make sure to provide the "name" option.

(found in <Root>)'
,Chrome 67.0.3396 (Windows 10.0.0) ERROR: '[Vue warn]: Unknown custom element: <el-button> - did you register the component correctly? For recursive components, make sure to provide the "name" option.

(found in <Root>)'
,Chrome 67.0.3396 (Windows 10.0.0) ERROR: '[Vue warn]: Error in render: "TypeError: Cannot read property 'resolve' of undefined"

found in

---> <RouterLink>
       <HeadBarLight2> at src\components\head\HeadBarLight2.vue
         <Root>'
,Chrome 67.0.3396 (Windows 10.0.0) ERROR: TypeError{}
,Chrome 67.0.3396 (Windows 10.0.0) ERROR: '[Vue warn]: Error in render: "TypeError: Cannot read property 'resolve' of undefined"

found in

---> <RouterLink>
       <HeadBarLight2> at src\components\head\HeadBarLight2.vue
         <Root>'
,Chrome 67.0.3396 (Windows 10.0.0) ERROR: TypeError{}
,Chrome 67.0.3396 (Windows 10.0.0) ERROR: '[Vue warn]: Error in render: "TypeError: Cannot read property 'resolve' of undefined"

found in

---> <RouterLink>
       <HeadBarLight2> at src\components\head\HeadBarLight2.vue
         <Root>'
,Chrome 67.0.3396 (Windows 10.0.0) ERROR: TypeError{}
,Chrome 67.0.3396 (Windows 10.0.0) ERROR: '[Vue warn]: Error in render: "TypeError: Cannot read property 'resolve' of undefined"

found in

---> <RouterLink>
       <HeadBarLight2> at src\components\head\HeadBarLight2.vue
         <Root>'
,Chrome 67.0.3396 (Windows 10.0.0) ERROR: TypeError{}
,Chrome 67.0.3396 (Windows 10.0.0) ERROR: '[Vue warn]: Error in render: "TypeError: Cannot read property 'resolve' of undefined"

found in

---> <RouterLink>
       <HeadBarLight2> at src\components\head\HeadBarLight2.vue
         <Root>'
,Chrome 67.0.3396 (Windows 10.0.0) ERROR: TypeError{}
,Chrome 67.0.3396 (Windows 10.0.0) ERROR: '[Vue warn]: Unknown custom element: <el-input> - did you register the component correctly? For recursive components, make sure to provide the "name" option.

(found in <Root>)'
,Chrome 67.0.3396 (Windows 10.0.0) ERROR: '[Vue warn]: Unknown custom element: <el-input> - did you register the component correctly? For recursive components, make sure to provide the "name" option.

(found in <Root>)'
,Chrome 67.0.3396 (Windows 10.0.0) ERROR: '[Vue warn]: Unknown custom element: <el-input> - did you register the component correctly? For recursive components, make sure to provide the "name" option.

(found in <Root>)'
,Chrome 67.0.3396 (Windows 10.0.0) ERROR: '[Vue warn]: Unknown custom element: <el-input> - did you register the component correctly? For recursive components, make sure to provide the "name" option.

(found in <Root>)'
,Chrome 67.0.3396 (Windows 10.0.0) ERROR: '[Vue warn]: Unknown custom element: <el-checkbox> - did you register the component correctly? For recursive components, make sure to provide the "name" option.

(found in <Root>)'
,Chrome 67.0.3396 (Windows 10.0.0) ERROR: '[Vue warn]: Unknown custom element: <el-button> - did you register the component correctly? For recursive components, make sure to provide the "name" option.

(found in <Root>)'
,Chrome 67.0.3396 (Windows 10.0.0) ERROR: '[Vue warn]: Error in render: "TypeError: Cannot read property 'resolve' of undefined"

found in

---> <RouterLink>
       <HeadBarLight2> at src\components\head\HeadBarLight2.vue
         <Root>'
,Chrome 67.0.3396 (Windows 10.0.0) ERROR: TypeError{}
,Chrome 67.0.3396 (Windows 10.0.0) ERROR: '[Vue warn]: Error in render: "TypeError: Cannot read property 'resolve' of undefined"

found in

---> <RouterLink>
       <HeadBarLight2> at src\components\head\HeadBarLight2.vue
         <Root>'
,Chrome 67.0.3396 (Windows 10.0.0) ERROR: TypeError{}
,Chrome 67.0.3396 (Windows 10.0.0) ERROR: '[Vue warn]: Error in render: "TypeError: Cannot read property 'resolve' of undefined"

found in

---> <RouterLink>
       <HeadBarLight2> at src\components\head\HeadBarLight2.vue
         <Root>'
,Chrome 67.0.3396 (Windows 10.0.0) ERROR: TypeError{}
,Chrome 67.0.3396 (Windows 10.0.0) ERROR: '[Vue warn]: Error in render: "TypeError: Cannot read property 'resolve' of undefined"

found in

---> <RouterLink>
       <HeadBarLight2> at src\components\head\HeadBarLight2.vue
         <Root>'
,Chrome 67.0.3396 (Windows 10.0.0) ERROR: TypeError{}
,Chrome 67.0.3396 (Windows 10.0.0) ERROR: '[Vue warn]: Error in render: "TypeError: Cannot read property 'resolve' of undefined"

found in

---> <RouterLink>
       <HeadBarLight2> at src\components\head\HeadBarLight2.vue
         <Root>'
,Chrome 67.0.3396 (Windows 10.0.0) ERROR: TypeError{}
,Chrome 67.0.3396 (Windows 10.0.0) ERROR: '[Vue warn]: Unknown custom element: <el-input> - did you register the component correctly? For recursive components, make sure to provide the "name" option.

(found in <Root>)'
,Chrome 67.0.3396 (Windows 10.0.0) ERROR: '[Vue warn]: Unknown custom element: <el-input> - did you register the component correctly? For recursive components, make sure to provide the "name" option.

(found in <Root>)'
,Chrome 67.0.3396 (Windows 10.0.0) ERROR: '[Vue warn]: Unknown custom element: <el-input> - did you register the component correctly? For recursive components, make sure to provide the "name" option.

(found in <Root>)'
,Chrome 67.0.3396 (Windows 10.0.0) ERROR: '[Vue warn]: Unknown custom element: <el-input> - did you register the component correctly? For recursive components, make sure to provide the "name" option.

(found in <Root>)'
,Chrome 67.0.3396 (Windows 10.0.0) ERROR: '[Vue warn]: Unknown custom element: <el-checkbox> - did you register the component correctly? For recursive components, make sure to provide the "name" option.

(found in <Root>)'
,Chrome 67.0.3396 (Windows 10.0.0) ERROR: '[Vue warn]: Unknown custom element: <el-button> - did you register the component correctly? For recursive components, make sure to provide the "name" option.

(found in <Root>)'
,Chrome 67.0.3396 (Windows 10.0.0) ERROR: '[Vue warn]: Error in render: "TypeError: Cannot read property 'resolve' of undefined"

found in

---> <RouterLink>
       <HeadBarLight2> at src\components\head\HeadBarLight2.vue
         <Root>'
,Chrome 67.0.3396 (Windows 10.0.0) ERROR: TypeError{}
,Chrome 67.0.3396 (Windows 10.0.0) ERROR: '[Vue warn]: Error in render: "TypeError: Cannot read property 'resolve' of undefined"

found in

---> <RouterLink>
       <HeadBarLight2> at src\components\head\HeadBarLight2.vue
         <Root>'
,Chrome 67.0.3396 (Windows 10.0.0) ERROR: TypeError{}
,Chrome 67.0.3396 (Windows 10.0.0) ERROR: '[Vue warn]: Error in render: "TypeError: Cannot read property 'resolve' of undefined"

found in

---> <RouterLink>
       <HeadBarLight2> at src\components\head\HeadBarLight2.vue
         <Root>'
,Chrome 67.0.3396 (Windows 10.0.0) ERROR: TypeError{}
,Chrome 67.0.3396 (Windows 10.0.0) ERROR: '[Vue warn]: Error in render: "TypeError: Cannot read property 'resolve' of undefined"

found in

---> <RouterLink>
       <HeadBarLight2> at src\components\head\HeadBarLight2.vue
         <Root>'
,Chrome 67.0.3396 (Windows 10.0.0) ERROR: TypeError{}
,Chrome 67.0.3396 (Windows 10.0.0) ERROR: '[Vue warn]: Error in render: "TypeError: Cannot read property 'resolve' of undefined"

found in

---> <RouterLink>
       <HeadBarLight2> at src\components\head\HeadBarLight2.vue
         <Root>'
,Chrome 67.0.3396 (Windows 10.0.0) ERROR: TypeError{}
,Chrome 67.0.3396 (Windows 10.0.0) ERROR: '[Vue warn]: Unknown custom element: <el-input> - did you register the component correctly? For recursive components, make sure to provide the "name" option.

(found in <Root>)'
,Chrome 67.0.3396 (Windows 10.0.0) ERROR: '[Vue warn]: Unknown custom element: <el-input> - did you register the component correctly? For recursive components, make sure to provide the "name" option.

(found in <Root>)'
,Chrome 67.0.3396 (Windows 10.0.0) ERROR: '[Vue warn]: Unknown custom element: <el-input> - did you register the component correctly? For recursive components, make sure to provide the "name" option.

(found in <Root>)'
,Chrome 67.0.3396 (Windows 10.0.0) ERROR: '[Vue warn]: Unknown custom element: <el-input> - did you register the component correctly? For recursive components, make sure to provide the "name" option.

(found in <Root>)'
,Chrome 67.0.3396 (Windows 10.0.0) ERROR: '[Vue warn]: Unknown custom element: <el-checkbox> - did you register the component correctly? For recursive components, make sure to provide the "name" option.

(found in <Root>)'
,Chrome 67.0.3396 (Windows 10.0.0) ERROR: '[Vue warn]: Unknown custom element: <el-button> - did you register the component correctly? For recursive components, make sure to provide the "name" option.

(found in <Root>)'
,Chrome 67.0.3396 (Windows 10.0.0) ERROR: '[Vue warn]: Error in render: "TypeError: Cannot read property 'resolve' of undefined"

found in

---> <RouterLink>
       <HeadBarLight2> at src\components\head\HeadBarLight2.vue
         <Root>'
,Chrome 67.0.3396 (Windows 10.0.0) ERROR: TypeError{}
,Chrome 67.0.3396 (Windows 10.0.0) ERROR: '[Vue warn]: Error in render: "TypeError: Cannot read property 'resolve' of undefined"

found in

---> <RouterLink>
       <HeadBarLight2> at src\components\head\HeadBarLight2.vue
         <Root>'
,Chrome 67.0.3396 (Windows 10.0.0) ERROR: TypeError{}
,Chrome 67.0.3396 (Windows 10.0.0) ERROR: '[Vue warn]: Error in render: "TypeError: Cannot read property 'resolve' of undefined"

found in

---> <RouterLink>
       <HeadBarLight2> at src\components\head\HeadBarLight2.vue
         <Root>'
,Chrome 67.0.3396 (Windows 10.0.0) ERROR: TypeError{}
,Chrome 67.0.3396 (Windows 10.0.0) ERROR: '[Vue warn]: Error in render: "TypeError: Cannot read property 'resolve' of undefined"

found in

---> <RouterLink>
       <HeadBarLight2> at src\components\head\HeadBarLight2.vue
         <Root>'
,Chrome 67.0.3396 (Windows 10.0.0) ERROR: TypeError{}
,Chrome 67.0.3396 (Windows 10.0.0) ERROR: '[Vue warn]: Error in render: "TypeError: Cannot read property 'resolve' of undefined"

found in

---> <RouterLink>
       <HeadBarLight2> at src\components\head\HeadBarLight2.vue
         <Root>'
,Chrome 67.0.3396 (Windows 10.0.0) ERROR: TypeError{}
,Chrome 67.0.3396 (Windows 10.0.0) ERROR: '[Vue warn]: Unknown custom element: <el-input> - did you register the component correctly? For recursive components, make sure to provide the "name" option.

(found in <Root>)'
,Chrome 67.0.3396 (Windows 10.0.0) ERROR: '[Vue warn]: Unknown custom element: <el-input> - did you register the component correctly? For recursive components, make sure to provide the "name" option.

(found in <Root>)'
,Chrome 67.0.3396 (Windows 10.0.0) ERROR: '[Vue warn]: Unknown custom element: <el-input> - did you register the component correctly? For recursive components, make sure to provide the "name" option.

(found in <Root>)'
,Chrome 67.0.3396 (Windows 10.0.0) ERROR: '[Vue warn]: Unknown custom element: <el-input> - did you register the component correctly? For recursive components, make sure to provide the "name" option.

(found in <Root>)'
,Chrome 67.0.3396 (Windows 10.0.0) ERROR: '[Vue warn]: Unknown custom element: <el-checkbox> - did you register the component correctly? For recursive components, make sure to provide the "name" option.

(found in <Root>)'
,Chrome 67.0.3396 (Windows 10.0.0) ERROR: '[Vue warn]: Unknown custom element: <el-button> - did you register the component correctly? For recursive components, make sure to provide the "name" option.

(found in <Root>)'
,Chrome 67.0.3396 (Windows 10.0.0) ERROR: '[Vue warn]: Error in render: "TypeError: Cannot read property 'resolve' of undefined"

found in

---> <RouterLink>
       <HeadBarLight2> at src\components\head\HeadBarLight2.vue
         <Root>'
,Chrome 67.0.3396 (Windows 10.0.0) ERROR: TypeError{}
,Chrome 67.0.3396 (Windows 10.0.0) ERROR: '[Vue warn]: Error in render: "TypeError: Cannot read property 'resolve' of undefined"

found in

---> <RouterLink>
       <HeadBarLight2> at src\components\head\HeadBarLight2.vue
         <Root>'
,Chrome 67.0.3396 (Windows 10.0.0) ERROR: TypeError{}
,Chrome 67.0.3396 (Windows 10.0.0) ERROR: '[Vue warn]: Error in render: "TypeError: Cannot read property 'resolve' of undefined"

found in

---> <RouterLink>
       <HeadBarLight2> at src\components\head\HeadBarLight2.vue
         <Root>'
,Chrome 67.0.3396 (Windows 10.0.0) ERROR: TypeError{}
,Chrome 67.0.3396 (Windows 10.0.0) ERROR: '[Vue warn]: Error in render: "TypeError: Cannot read property 'resolve' of undefined"

found in

---> <RouterLink>
       <HeadBarLight2> at src\components\head\HeadBarLight2.vue
         <Root>'
,Chrome 67.0.3396 (Windows 10.0.0) ERROR: TypeError{}
,Chrome 67.0.3396 (Windows 10.0.0) ERROR: '[Vue warn]: Error in render: "TypeError: Cannot read property 'resolve' of undefined"

found in

---> <RouterLink>
       <HeadBarLight2> at src\components\head\HeadBarLight2.vue
         <Root>'
,Chrome 67.0.3396 (Windows 10.0.0) ERROR: TypeError{}
,Chrome 67.0.3396 (Windows 10.0.0) ERROR: '[Vue warn]: Unknown custom element: <el-input> - did you register the component correctly? For recursive components, make sure to provide the "name" option.

(found in <Root>)'
,Chrome 67.0.3396 (Windows 10.0.0) ERROR: '[Vue warn]: Unknown custom element: <el-input> - did you register the component correctly? For recursive components, make sure to provide the "name" option.

(found in <Root>)'
,Chrome 67.0.3396 (Windows 10.0.0) ERROR: '[Vue warn]: Unknown custom element: <el-input> - did you register the component correctly? For recursive components, make sure to provide the "name" option.

(found in <Root>)'
,Chrome 67.0.3396 (Windows 10.0.0) ERROR: '[Vue warn]: Unknown custom element: <el-input> - did you register the component correctly? For recursive components, make sure to provide the "name" option.

(found in <Root>)'
,Chrome 67.0.3396 (Windows 10.0.0) ERROR: '[Vue warn]: Unknown custom element: <el-checkbox> - did you register the component correctly? For recursive components, make sure to provide the "name" option.

(found in <Root>)'
,Chrome 67.0.3396 (Windows 10.0.0) ERROR: '[Vue warn]: Unknown custom element: <el-button> - did you register the component correctly? For recursive components, make sure to provide the "name" option.

(found in <Root>)'
,Chrome 67.0.3396 (Windows 10.0.0) ERROR: '[Vue warn]: Error in render: "TypeError: Cannot read property 'resolve' of undefined"

found in

---> <RouterLink>
       <HeadBarLight2> at src\components\head\HeadBarLight2.vue
         <Root>'
,Chrome 67.0.3396 (Windows 10.0.0) ERROR: TypeError{}
,Chrome 67.0.3396 (Windows 10.0.0) ERROR: '[Vue warn]: Error in render: "TypeError: Cannot read property 'resolve' of undefined"

found in

---> <RouterLink>
       <HeadBarLight2> at src\components\head\HeadBarLight2.vue
         <Root>'
,Chrome 67.0.3396 (Windows 10.0.0) ERROR: TypeError{}
,Chrome 67.0.3396 (Windows 10.0.0) ERROR: '[Vue warn]: Error in render: "TypeError: Cannot read property 'resolve' of undefined"

found in

---> <RouterLink>
       <HeadBarLight2> at src\components\head\HeadBarLight2.vue
         <Root>'
,Chrome 67.0.3396 (Windows 10.0.0) ERROR: TypeError{}
,Chrome 67.0.3396 (Windows 10.0.0) ERROR: '[Vue warn]: Error in render: "TypeError: Cannot read property 'resolve' of undefined"

found in

---> <RouterLink>
       <HeadBarLight2> at src\components\head\HeadBarLight2.vue
         <Root>'
,Chrome 67.0.3396 (Windows 10.0.0) ERROR: TypeError{}
,Chrome 67.0.3396 (Windows 10.0.0) ERROR: '[Vue warn]: Error in render: "TypeError: Cannot read property 'resolve' of undefined"

found in

---> <RouterLink>
       <HeadBarLight2> at src\components\head\HeadBarLight2.vue
         <Root>'
,Chrome 67.0.3396 (Windows 10.0.0) ERROR: TypeError{}
,Chrome 67.0.3396 (Windows 10.0.0) ERROR: '[Vue warn]: Unknown custom element: <el-input> - did you register the component correctly? For recursive components, make sure to provide the "name" option.

(found in <Root>)'
,Chrome 67.0.3396 (Windows 10.0.0) ERROR: '[Vue warn]: Unknown custom element: <el-input> - did you register the component correctly? For recursive components, make sure to provide the "name" option.

(found in <Root>)'
,Chrome 67.0.3396 (Windows 10.0.0) ERROR: '[Vue warn]: Unknown custom element: <el-input> - did you register the component correctly? For recursive components, make sure to provide the "name" option.

(found in <Root>)'
,Chrome 67.0.3396 (Windows 10.0.0) ERROR: '[Vue warn]: Unknown custom element: <el-input> - did you register the component correctly? For recursive components, make sure to provide the "name" option.

(found in <Root>)'
,Chrome 67.0.3396 (Windows 10.0.0) ERROR: '[Vue warn]: Unknown custom element: <el-checkbox> - did you register the component correctly? For recursive components, make sure to provide the "name" option.

(found in <Root>)'
,Chrome 67.0.3396 (Windows 10.0.0) ERROR: '[Vue warn]: Unknown custom element: <el-button> - did you register the component correctly? For recursive components, make sure to provide the "name" option.

(found in <Root>)'
,Chrome 67.0.3396 (Windows 10.0.0) ERROR: '[Vue warn]: Error in render: "TypeError: Cannot read property 'resolve' of undefined"

found in

---> <RouterLink>
       <HeadBarLight2> at src\components\head\HeadBarLight2.vue
         <Root>'
,Chrome 67.0.3396 (Windows 10.0.0) ERROR: TypeError{}
,Chrome 67.0.3396 (Windows 10.0.0) ERROR: '[Vue warn]: Error in render: "TypeError: Cannot read property 'resolve' of undefined"

found in

---> <RouterLink>
       <HeadBarLight2> at src\components\head\HeadBarLight2.vue
         <Root>'
,Chrome 67.0.3396 (Windows 10.0.0) ERROR: TypeError{}
,Chrome 67.0.3396 (Windows 10.0.0) ERROR: '[Vue warn]: Error in render: "TypeError: Cannot read property 'resolve' of undefined"

found in

---> <RouterLink>
       <HeadBarLight2> at src\components\head\HeadBarLight2.vue
         <Root>'
,Chrome 67.0.3396 (Windows 10.0.0) ERROR: TypeError{}
,Chrome 67.0.3396 (Windows 10.0.0) ERROR: '[Vue warn]: Error in render: "TypeError: Cannot read property 'resolve' of undefined"

found in

---> <RouterLink>
       <HeadBarLight2> at src\components\head\HeadBarLight2.vue
         <Root>'
,Chrome 67.0.3396 (Windows 10.0.0) ERROR: TypeError{}
,Chrome 67.0.3396 (Windows 10.0.0) ERROR: '[Vue warn]: Error in render: "TypeError: Cannot read property 'resolve' of undefined"

found in

---> <RouterLink>
       <HeadBarLight2> at src\components\head\HeadBarLight2.vue
         <Root>'
,Chrome 67.0.3396 (Windows 10.0.0) ERROR: TypeError{}
,Chrome 67.0.3396 (Windows 10.0.0) ERROR: '[Vue warn]: Unknown custom element: <el-input> - did you register the component correctly? For recursive components, make sure to provide the "name" option.

(found in <Root>)'
,Chrome 67.0.3396 (Windows 10.0.0) ERROR: '[Vue warn]: Unknown custom element: <el-input> - did you register the component correctly? For recursive components, make sure to provide the "name" option.

(found in <Root>)'
,Chrome 67.0.3396 (Windows 10.0.0) ERROR: '[Vue warn]: Unknown custom element: <el-input> - did you register the component correctly? For recursive components, make sure to provide the "name" option.

(found in <Root>)'
,Chrome 67.0.3396 (Windows 10.0.0) ERROR: '[Vue warn]: Unknown custom element: <el-input> - did you register the component correctly? For recursive components, make sure to provide the "name" option.

(found in <Root>)'
,Chrome 67.0.3396 (Windows 10.0.0) ERROR: '[Vue warn]: Unknown custom element: <el-checkbox> - did you register the component correctly? For recursive components, make sure to provide the "name" option.

(found in <Root>)'
,Chrome 67.0.3396 (Windows 10.0.0) ERROR: '[Vue warn]: Unknown custom element: <el-button> - did you register the component correctly? For recursive components, make sure to provide the "name" option.

(found in <Root>)'
,Chrome 67.0.3396 (Windows 10.0.0) ERROR: '[Vue warn]: Error in render: "TypeError: Cannot read property 'resolve' of undefined"

found in

---> <RouterLink>
       <HeadBarLight2> at src\components\head\HeadBarLight2.vue
         <Root>'
,Chrome 67.0.3396 (Windows 10.0.0) ERROR: TypeError{}
,Chrome 67.0.3396 (Windows 10.0.0) ERROR: '[Vue warn]: Error in render: "TypeError: Cannot read property 'resolve' of undefined"

found in

---> <RouterLink>
       <HeadBarLight2> at src\components\head\HeadBarLight2.vue
         <Root>'
,Chrome 67.0.3396 (Windows 10.0.0) ERROR: TypeError{}
,Chrome 67.0.3396 (Windows 10.0.0) ERROR: '[Vue warn]: Error in render: "TypeError: Cannot read property 'resolve' of undefined"

found in

---> <RouterLink>
       <HeadBarLight2> at src\components\head\HeadBarLight2.vue
         <Root>'
,Chrome 67.0.3396 (Windows 10.0.0) ERROR: TypeError{}
,Chrome 67.0.3396 (Windows 10.0.0) ERROR: '[Vue warn]: Error in render: "TypeError: Cannot read property 'resolve' of undefined"

found in

---> <RouterLink>
       <HeadBarLight2> at src\components\head\HeadBarLight2.vue
         <Root>'
,Chrome 67.0.3396 (Windows 10.0.0) ERROR: TypeError{}
,Chrome 67.0.3396 (Windows 10.0.0) ERROR: '[Vue warn]: Error in render: "TypeError: Cannot read property 'resolve' of undefined"

found in

---> <RouterLink>
       <HeadBarLight2> at src\components\head\HeadBarLight2.vue
         <Root>'
,Chrome 67.0.3396 (Windows 10.0.0) ERROR: TypeError{}
,Chrome 67.0.3396 (Windows 10.0.0) ERROR: '[Vue warn]: Unknown custom element: <el-input> - did you register the component correctly? For recursive components, make sure to provide the "name" option.

(found in <Root>)'
,Chrome 67.0.3396 (Windows 10.0.0) ERROR: '[Vue warn]: Unknown custom element: <el-input> - did you register the component correctly? For recursive components, make sure to provide the "name" option.

(found in <Root>)'
,Chrome 67.0.3396 (Windows 10.0.0) ERROR: '[Vue warn]: Unknown custom element: <el-input> - did you register the component correctly? For recursive components, make sure to provide the "name" option.

(found in <Root>)'
,Chrome 67.0.3396 (Windows 10.0.0) ERROR: '[Vue warn]: Unknown custom element: <el-input> - did you register the component correctly? For recursive components, make sure to provide the "name" option.

(found in <Root>)'
,Chrome 67.0.3396 (Windows 10.0.0) ERROR: '[Vue warn]: Unknown custom element: <el-checkbox> - did you register the component correctly? For recursive components, make sure to provide the "name" option.

(found in <Root>)'
,Chrome 67.0.3396 (Windows 10.0.0) ERROR: '[Vue warn]: Unknown custom element: <el-button> - did you register the component correctly? For recursive components, make sure to provide the "name" option.

(found in <Root>)'
,Chrome 67.0.3396 (Windows 10.0.0) ERROR: '[Vue warn]: Error in render: "TypeError: Cannot read property 'resolve' of undefined"

found in

---> <RouterLink>
       <HeadBarLight2> at src\components\head\HeadBarLight2.vue
         <Root>'
,Chrome 67.0.3396 (Windows 10.0.0) ERROR: TypeError{}
,Chrome 67.0.3396 (Windows 10.0.0) ERROR: '[Vue warn]: Error in render: "TypeError: Cannot read property 'resolve' of undefined"

found in

---> <RouterLink>
       <HeadBarLight2> at src\components\head\HeadBarLight2.vue
         <Root>'
,Chrome 67.0.3396 (Windows 10.0.0) ERROR: TypeError{}
,Chrome 67.0.3396 (Windows 10.0.0) ERROR: '[Vue warn]: Error in render: "TypeError: Cannot read property 'resolve' of undefined"

found in

---> <RouterLink>
       <HeadBarLight2> at src\components\head\HeadBarLight2.vue
         <Root>'
,Chrome 67.0.3396 (Windows 10.0.0) ERROR: TypeError{}
,Chrome 67.0.3396 (Windows 10.0.0) ERROR: '[Vue warn]: Error in render: "TypeError: Cannot read property 'resolve' of undefined"

found in

---> <RouterLink>
       <HeadBarLight2> at src\components\head\HeadBarLight2.vue
         <Root>'
,Chrome 67.0.3396 (Windows 10.0.0) ERROR: TypeError{}
,Chrome 67.0.3396 (Windows 10.0.0) ERROR: '[Vue warn]: Error in render: "TypeError: Cannot read property 'resolve' of undefined"

found in

---> <RouterLink>
       <HeadBarLight2> at src\components\head\HeadBarLight2.vue
         <Root>'
,Chrome 67.0.3396 (Windows 10.0.0) ERROR: TypeError{}
,Chrome 67.0.3396 (Windows 10.0.0) ERROR: '[Vue warn]: Unknown custom element: <el-input> - did you register the component correctly? For recursive components, make sure to provide the "name" option.

(found in <Root>)'
,Chrome 67.0.3396 (Windows 10.0.0) ERROR: '[Vue warn]: Unknown custom element: <el-input> - did you register the component correctly? For recursive components, make sure to provide the "name" option.

(found in <Root>)'
,Chrome 67.0.3396 (Windows 10.0.0) ERROR: '[Vue warn]: Unknown custom element: <el-input> - did you register the component correctly? For recursive components, make sure to provide the "name" option.

(found in <Root>)'
,Chrome 67.0.3396 (Windows 10.0.0) ERROR: '[Vue warn]: Unknown custom element: <el-input> - did you register the component correctly? For recursive components, make sure to provide the "name" option.

(found in <Root>)'
,Chrome 67.0.3396 (Windows 10.0.0) ERROR: '[Vue warn]: Unknown custom element: <el-checkbox> - did you register the component correctly? For recursive components, make sure to provide the "name" option.

(found in <Root>)'
,Chrome 67.0.3396 (Windows 10.0.0) ERROR: '[Vue warn]: Unknown custom element: <el-button> - did you register the component correctly? For recursive components, make sure to provide the "name" option.

(found in <Root>)'
,Chrome 67.0.3396 (Windows 10.0.0) ERROR: '[Vue warn]: Error in render: "TypeError: Cannot read property 'resolve' of undefined"

found in

---> <RouterLink>
       <HeadBarLight2> at src\components\head\HeadBarLight2.vue
         <Root>'
,Chrome 67.0.3396 (Windows 10.0.0) ERROR: TypeError{}
,Chrome 67.0.3396 (Windows 10.0.0) ERROR: '[Vue warn]: Error in render: "TypeError: Cannot read property 'resolve' of undefined"

found in

---> <RouterLink>
       <HeadBarLight2> at src\components\head\HeadBarLight2.vue
         <Root>'
,Chrome 67.0.3396 (Windows 10.0.0) ERROR: TypeError{}
,Chrome 67.0.3396 (Windows 10.0.0) ERROR: '[Vue warn]: Error in render: "TypeError: Cannot read property 'resolve' of undefined"

found in

---> <RouterLink>
       <HeadBarLight2> at src\components\head\HeadBarLight2.vue
         <Root>'
,Chrome 67.0.3396 (Windows 10.0.0) ERROR: TypeError{}
,Chrome 67.0.3396 (Windows 10.0.0) ERROR: '[Vue warn]: Error in render: "TypeError: Cannot read property 'resolve' of undefined"

found in

---> <RouterLink>
       <HeadBarLight2> at src\components\head\HeadBarLight2.vue
         <Root>'
,Chrome 67.0.3396 (Windows 10.0.0) ERROR: TypeError{}
,Chrome 67.0.3396 (Windows 10.0.0) ERROR: '[Vue warn]: Error in render: "TypeError: Cannot read property 'resolve' of undefined"

found in

---> <RouterLink>
       <HeadBarLight2> at src\components\head\HeadBarLight2.vue
         <Root>'
,Chrome 67.0.3396 (Windows 10.0.0) ERROR: TypeError{}
,Chrome 67.0.3396 (Windows 10.0.0) ERROR: '[Vue warn]: Unknown custom element: <el-input> - did you register the component correctly? For recursive components, make sure to provide the "name" option.

(found in <Root>)'
,Chrome 67.0.3396 (Windows 10.0.0) ERROR: '[Vue warn]: Unknown custom element: <el-input> - did you register the component correctly? For recursive components, make sure to provide the "name" option.

(found in <Root>)'
,Chrome 67.0.3396 (Windows 10.0.0) ERROR: '[Vue warn]: Unknown custom element: <el-input> - did you register the component correctly? For recursive components, make sure to provide the "name" option.

(found in <Root>)'
,Chrome 67.0.3396 (Windows 10.0.0) ERROR: '[Vue warn]: Unknown custom element: <el-input> - did you register the component correctly? For recursive components, make sure to provide the "name" option.

(found in <Root>)'
,Chrome 67.0.3396 (Windows 10.0.0) ERROR: '[Vue warn]: Unknown custom element: <el-checkbox> - did you register the component correctly? For recursive components, make sure to provide the "name" option.

(found in <Root>)'
,Chrome 67.0.3396 (Windows 10.0.0) ERROR: '[Vue warn]: Unknown custom element: <el-button> - did you register the component correctly? For recursive components, make sure to provide the "name" option.

(found in <Root>)'
,Chrome 67.0.3396 (Windows 10.0.0) ERROR: '[Vue warn]: Error in render: "TypeError: Cannot read property 'resolve' of undefined"

found in

---> <RouterLink>
       <HeadBarLight2> at src\components\head\HeadBarLight2.vue
         <Root>'
,Chrome 67.0.3396 (Windows 10.0.0) ERROR: TypeError{}
,Chrome 67.0.3396 (Windows 10.0.0) ERROR: '[Vue warn]: Error in render: "TypeError: Cannot read property 'resolve' of undefined"

found in

---> <RouterLink>
       <HeadBarLight2> at src\components\head\HeadBarLight2.vue
         <Root>'
,Chrome 67.0.3396 (Windows 10.0.0) ERROR: TypeError{}
,Chrome 67.0.3396 (Windows 10.0.0) ERROR: '[Vue warn]: Error in render: "TypeError: Cannot read property 'resolve' of undefined"

found in

---> <RouterLink>
       <HeadBarLight2> at src\components\head\HeadBarLight2.vue
         <Root>'
,Chrome 67.0.3396 (Windows 10.0.0) ERROR: TypeError{}
,Chrome 67.0.3396 (Windows 10.0.0) ERROR: '[Vue warn]: Error in render: "TypeError: Cannot read property 'resolve' of undefined"

found in

---> <RouterLink>
       <HeadBarLight2> at src\components\head\HeadBarLight2.vue
         <Root>'
,Chrome 67.0.3396 (Windows 10.0.0) ERROR: TypeError{}
,Chrome 67.0.3396 (Windows 10.0.0) ERROR: '[Vue warn]: Error in render: "TypeError: Cannot read property 'resolve' of undefined"

found in

---> <RouterLink>
       <HeadBarLight2> at src\components\head\HeadBarLight2.vue
         <Root>'
,Chrome 67.0.3396 (Windows 10.0.0) ERROR: TypeError{}
,Chrome 67.0.3396 (Windows 10.0.0) ERROR: '[Vue warn]: Unknown custom element: <el-input> - did you register the component correctly? For recursive components, make sure to provide the "name" option.

(found in <Root>)'
,Chrome 67.0.3396 (Windows 10.0.0) ERROR: '[Vue warn]: Unknown custom element: <el-input> - did you register the component correctly? For recursive components, make sure to provide the "name" option.

(found in <Root>)'
,Chrome 67.0.3396 (Windows 10.0.0) ERROR: '[Vue warn]: Unknown custom element: <el-input> - did you register the component correctly? For recursive components, make sure to provide the "name" option.

(found in <Root>)'
,Chrome 67.0.3396 (Windows 10.0.0) ERROR: '[Vue warn]: Unknown custom element: <el-input> - did you register the component correctly? For recursive components, make sure to provide the "name" option.

(found in <Root>)'
,Chrome 67.0.3396 (Windows 10.0.0) ERROR: '[Vue warn]: Unknown custom element: <el-checkbox> - did you register the component correctly? For recursive components, make sure to provide the "name" option.

(found in <Root>)'
,Chrome 67.0.3396 (Windows 10.0.0) ERROR: '[Vue warn]: Unknown custom element: <el-button> - did you register the component correctly? For recursive components, make sure to provide the "name" option.

(found in <Root>)'
,Chrome 67.0.3396 (Windows 10.0.0) ERROR: '[Vue warn]: Failed to mount component: template or render function not defined.

(found in <Root>)'

]]>
  </system-out>
  <system-err/>
</testsuite>